TN:
SF:src/app.ts
FN:54,runStartupTasks
FN:177,(anonymous_1)
FN:181,(anonymous_2)
FN:187,(anonymous_3)
FN:191,(anonymous_4)
FN:212,(anonymous_5)
FN:220,(anonymous_6)
FN:225,(anonymous_7)
FN:244,validateCORS
FN:247,(anonymous_9)
FN:255,(anonymous_10)
FN:267,(anonymous_11)
FN:269,(anonymous_12)
FN:286,(anonymous_13)
FN:314,createServer
FN:330,(anonymous_15)
FN:336,(anonymous_16)
FN:342,(anonymous_17)
FN:348,(anonymous_18)
FN:352,(anonymous_19)
FN:357,(anonymous_20)
FN:378,(anonymous_21)
FN:443,(anonymous_22)
FN:460,(anonymous_23)
FN:462,(anonymous_24)
FN:517,(anonymous_25)
FN:525,(anonymous_26)
FN:550,(anonymous_27)
FN:604,(anonymous_28)
FN:607,(anonymous_29)
FN:659,(anonymous_30)
FN:665,(anonymous_31)
FN:672,(anonymous_32)
FN:738,(anonymous_33)
FN:760,(anonymous_34)
FN:766,(anonymous_35)
FN:802,(anonymous_36)
FN:828,(anonymous_37)
FN:847,(anonymous_38)
FN:855,(anonymous_39)
FN:866,(anonymous_40)
FN:874,(anonymous_41)
FN:885,(anonymous_42)
FN:886,(anonymous_43)
FN:929,(anonymous_44)
FN:944,(anonymous_45)
FN:953,(anonymous_46)
FN:976,(anonymous_47)
FN:989,(anonymous_48)
FN:1005,(anonymous_49)
FN:1015,(anonymous_50)
FN:1040,renderHubPage
FNF:52
FNH:24
FNDA:0,runStartupTasks
FNDA:0,(anonymous_1)
FNDA:0,(anonymous_2)
FNDA:0,(anonymous_3)
FNDA:0,(anonymous_4)
FNDA:0,(anonymous_5)
FNDA:0,(anonymous_6)
FNDA:0,(anonymous_7)
FNDA:5,validateCORS
FNDA:5,(anonymous_9)
FNDA:0,(anonymous_10)
FNDA:0,(anonymous_11)
FNDA:0,(anonymous_12)
FNDA:0,(anonymous_13)
FNDA:5,createServer
FNDA:100,(anonymous_15)
FNDA:100,(anonymous_16)
FNDA:100,(anonymous_17)
FNDA:100,(anonymous_18)
FNDA:100,(anonymous_19)
FNDA:0,(anonymous_20)
FNDA:0,(anonymous_21)
FNDA:0,(anonymous_22)
FNDA:100,(anonymous_23)
FNDA:100,(anonymous_24)
FNDA:0,(anonymous_25)
FNDA:0,(anonymous_26)
FNDA:0,(anonymous_27)
FNDA:500,(anonymous_28)
FNDA:0,(anonymous_29)
FNDA:500,(anonymous_30)
FNDA:0,(anonymous_31)
FNDA:0,(anonymous_32)
FNDA:100,(anonymous_33)
FNDA:100,(anonymous_34)
FNDA:2,(anonymous_35)
FNDA:100,(anonymous_36)
FNDA:76,(anonymous_37)
FNDA:1,(anonymous_38)
FNDA:0,(anonymous_39)
FNDA:99,(anonymous_40)
FNDA:0,(anonymous_41)
FNDA:99,(anonymous_42)
FNDA:99,(anonymous_43)
FNDA:99,(anonymous_44)
FNDA:99,(anonymous_45)
FNDA:2,(anonymous_46)
FNDA:0,(anonymous_47)
FNDA:0,(anonymous_48)
FNDA:0,(anonymous_49)
FNDA:0,(anonymous_50)
FNDA:0,renderHubPage
DA:42,5
DA:43,5
DA:60,0
DA:61,0
DA:62,0
DA:67,0
DA:69,0
DA:76,0
DA:79,0
DA:80,0
DA:81,0
DA:83,0
DA:85,0
DA:86,0
DA:87,0
DA:88,0
DA:89,0
DA:91,0
DA:93,0
DA:94,0
DA:96,0
DA:98,0
DA:99,0
DA:101,0
DA:103,0
DA:104,0
DA:105,0
DA:106,0
DA:109,0
DA:111,0
DA:112,0
DA:114,0
DA:116,0
DA:117,0
DA:118,0
DA:120,0
DA:122,0
DA:123,0
DA:124,0
DA:126,0
DA:128,0
DA:129,0
DA:130,0
DA:134,0
DA:136,0
DA:137,0
DA:138,0
DA:140,0
DA:142,0
DA:143,0
DA:144,0
DA:148,0
DA:154,0
DA:156,0
DA:157,0
DA:159,0
DA:161,0
DA:162,0
DA:163,0
DA:165,0
DA:169,0
DA:170,0
DA:171,0
DA:172,0
DA:175,0
DA:176,0
DA:177,0
DA:180,0
DA:181,0
DA:185,0
DA:189,0
DA:191,0
DA:197,0
DA:211,0
DA:212,0
DA:221,0
DA:222,0
DA:226,0
DA:229,0
DA:232,0
DA:245,5
DA:247,5
DA:254,5
DA:255,5
DA:259,0
DA:261,0
DA:264,0
DA:267,0
DA:269,0
DA:276,5
DA:277,0
DA:278,0
DA:285,5
DA:286,0
DA:288,5
DA:299,5
DA:300,0
DA:306,5
DA:311,5
DA:315,5
DA:318,5
DA:327,5
DA:331,100
DA:332,100
DA:333,100
DA:334,100
DA:337,100
DA:338,100
DA:339,18
DA:342,100
DA:348,100
DA:353,100
DA:354,100
DA:355,100
DA:357,0
DA:365,5
DA:372,5
DA:373,0
DA:374,0
DA:375,0
DA:377,0
DA:380,0
DA:388,0
DA:443,0
DA:444,0
DA:445,0
DA:448,0
DA:452,0
DA:460,5
DA:461,100
DA:462,100
DA:463,100
DA:464,100
DA:471,3
DA:472,97
DA:474,100
DA:483,5
DA:486,5
DA:487,0
DA:488,0
DA:489,0
DA:500,5
DA:501,0
DA:512,0
DA:513,0
DA:514,0
DA:517,0
DA:518,0
DA:520,0
DA:522,0
DA:523,0
DA:524,0
DA:525,0
DA:526,0
DA:527,0
DA:529,0
DA:534,0
DA:543,5
DA:544,5
DA:549,5
DA:550,15
DA:551,0
DA:552,0
DA:553,0
DA:554,0
DA:555,0
DA:556,0
DA:558,0
DA:565,0
DA:579,5
DA:580,5
DA:581,5
DA:583,0
DA:585,5
DA:591,5
DA:592,5
DA:597,5
DA:598,5
DA:599,25
DA:605,500
DA:620,5
DA:647,5
DA:652,25
DA:660,500
DA:666,0
DA:667,0
DA:673,0
DA:678,0
DA:683,0
DA:693,5
DA:705,5
DA:738,5
DA:739,100
DA:743,100
DA:744,100
DA:750,5
DA:751,5
DA:756,5
DA:758,5
DA:762,100
DA:764,2
DA:766,2
DA:767,2
DA:773,2
DA:789,5
DA:798,5
DA:803,100
DA:804,100
DA:805,100
DA:813,1
DA:815,99
DA:828,5
DA:829,76
DA:831,5
DA:835,5
DA:836,5
DA:842,5
DA:847,5
DA:848,1
DA:854,5
DA:855,5
DA:856,0
DA:857,0
DA:865,5
DA:866,5
DA:867,99
DA:868,99
DA:869,99
DA:870,0
DA:871,0
DA:874,99
DA:875,0
DA:876,0
DA:880,0
DA:883,99
DA:885,99
DA:886,99
DA:887,99
DA:893,5
DA:929,5
DA:930,99
DA:935,3
DA:936,96
DA:937,4
DA:938,92
DA:939,57
DA:941,99
DA:944,5
DA:945,99
DA:946,96
DA:948,5
DA:949,5
DA:950,5
DA:953,5
DA:954,2
DA:962,5
DA:965,5
DA:966,0
DA:967,0
DA:968,0
DA:976,5
DA:978,0
DA:982,0
DA:983,0
DA:989,5
DA:990,0
DA:997,5
DA:998,5
DA:999,5
DA:1006,0
DA:1016,0
DA:1021,0
DA:1026,0
DA:1034,5
DA:1037,5
DA:1041,0
LF:276
LH:126
BRDA:60,0,0,0
BRDA:60,0,1,0
BRDA:61,1,0,0
BRDA:61,1,1,0
BRDA:105,2,0,0
BRDA:105,2,1,0
BRDA:143,3,0,0
BRDA:143,3,1,0
BRDA:171,4,0,0
BRDA:171,4,1,0
BRDA:175,5,0,0
BRDA:175,5,1,0
BRDA:175,5,2,0
BRDA:180,6,0,0
BRDA:180,6,1,0
BRDA:185,7,0,0
BRDA:185,7,1,0
BRDA:221,8,0,0
BRDA:221,8,1,0
BRDA:245,9,0,5
BRDA:245,9,1,5
BRDA:255,10,0,0
BRDA:255,10,1,5
BRDA:261,11,0,0
BRDA:261,11,1,0
BRDA:271,12,0,0
BRDA:271,12,1,0
BRDA:276,13,0,0
BRDA:276,13,1,5
BRDA:285,14,0,0
BRDA:285,14,1,5
BRDA:299,15,0,0
BRDA:299,15,1,5
BRDA:332,16,0,100
BRDA:332,16,1,100
BRDA:337,17,0,0
BRDA:337,17,1,100
BRDA:337,18,0,100
BRDA:337,18,1,100
BRDA:338,19,0,82
BRDA:338,19,1,18
BRDA:354,20,0,100
BRDA:354,20,1,0
BRDA:355,21,0,100
BRDA:355,21,1,0
BRDA:357,22,0,0
BRDA:357,22,1,0
BRDA:372,23,0,0
BRDA:372,23,1,5
BRDA:372,24,0,5
BRDA:372,24,1,5
BRDA:374,25,0,0
BRDA:374,25,1,0
BRDA:375,26,0,0
BRDA:375,26,1,0
BRDA:381,27,0,0
BRDA:381,27,1,0
BRDA:463,28,0,100
BRDA:463,28,1,0
BRDA:463,28,2,0
BRDA:464,29,0,3
BRDA:464,29,1,97
BRDA:465,30,0,100
BRDA:465,30,1,97
BRDA:465,30,2,97
BRDA:465,30,3,97
BRDA:465,30,4,97
BRDA:486,31,0,0
BRDA:486,31,1,5
BRDA:486,32,0,5
BRDA:486,32,1,0
BRDA:486,32,2,0
BRDA:488,33,0,0
BRDA:488,33,1,0
BRDA:500,34,0,0
BRDA:500,34,1,5
BRDA:513,35,0,0
BRDA:513,35,1,0
BRDA:523,36,0,0
BRDA:523,36,1,0
BRDA:526,37,0,0
BRDA:526,37,1,0
BRDA:543,38,0,5
BRDA:543,38,1,0
BRDA:560,39,0,0
BRDA:560,39,1,0
BRDA:591,40,0,5
BRDA:591,40,1,0
BRDA:592,41,0,5
BRDA:592,41,1,5
BRDA:605,42,0,500
BRDA:605,42,1,500
BRDA:605,42,2,500
BRDA:624,43,0,5
BRDA:624,43,1,5
BRDA:629,44,0,5
BRDA:629,44,1,5
BRDA:634,45,0,5
BRDA:634,45,1,5
BRDA:642,46,0,5
BRDA:642,46,1,5
BRDA:660,47,0,500
BRDA:660,47,1,500
BRDA:660,47,2,500
BRDA:663,48,0,5
BRDA:663,48,1,20
BRDA:667,49,0,0
BRDA:667,49,1,0
BRDA:673,50,0,0
BRDA:673,50,1,0
BRDA:674,51,0,0
BRDA:674,51,1,0
BRDA:674,51,2,0
BRDA:762,52,0,98
BRDA:762,52,1,2
BRDA:764,53,0,0
BRDA:764,53,1,2
BRDA:766,54,0,0
BRDA:766,54,1,2
BRDA:803,55,0,0
BRDA:803,55,1,100
BRDA:804,56,0,100
BRDA:804,56,1,0
BRDA:804,56,2,0
BRDA:805,57,0,1
BRDA:805,57,1,99
BRDA:806,58,0,100
BRDA:806,58,1,99
BRDA:806,58,2,99
BRDA:806,58,3,99
BRDA:806,58,4,99
BRDA:806,58,5,99
BRDA:854,59,0,5
BRDA:854,59,1,0
BRDA:865,60,0,5
BRDA:865,60,1,5
BRDA:869,61,0,0
BRDA:869,61,1,99
BRDA:869,62,0,99
BRDA:869,62,1,99
BRDA:875,63,0,0
BRDA:875,63,1,0
BRDA:930,64,0,3
BRDA:930,64,1,96
BRDA:931,65,0,99
BRDA:931,65,1,98
BRDA:931,65,2,97
BRDA:936,66,0,4
BRDA:936,66,1,92
BRDA:938,67,0,57
BRDA:938,67,1,35
BRDA:938,68,0,92
BRDA:938,68,1,36
BRDA:945,69,0,3
BRDA:945,69,1,96
BRDA:945,70,0,99
BRDA:945,70,1,96
BRDA:965,71,0,0
BRDA:965,71,1,5
BRDA:965,72,0,5
BRDA:965,72,1,0
BRDA:965,72,2,0
BRDA:967,73,0,0
BRDA:967,73,1,0
BRDA:982,74,0,0
BRDA:982,74,1,0
BRDA:997,75,0,5
BRDA:997,75,1,0
BRDA:998,76,0,5
BRDA:998,76,1,5
BRDA:1006,77,0,0
BRDA:1006,77,1,0
BRDA:1006,77,2,0
BRDA:1006,77,3,0
BRDA:1006,77,4,0
BRDA:1006,77,5,0
BRDA:1006,77,6,0
BRDA:1006,77,7,0
BRDA:1016,78,0,0
BRDA:1016,78,1,0
BRDA:1017,79,0,0
BRDA:1017,79,1,0
BRDA:1017,79,2,0
BRF:183
BRH:89
end_of_record
TN:
SF:src/scheduler.ts
FN:50,register
FN:62,(anonymous_1)
FN:86,(anonymous_2)
FN:104,purgeExpiredOtpAttempts
FN:116,purgeStaleRideBids
FN:129,purgeExpiredRefreshTokens
FN:141,purgeExpiredMagicLinkTokens
FN:153,purgeExpiredOtpTokens
FN:165,purgeExpiredUserSessions
FN:180,purgeStaleLocations
FN:196,purgeOldLocationHistory
FN:212,archiveOldLoginHistory
FN:240,startScheduler
FN:255,stopScheduler
FN:265,getSchedulerStatus
FN:271,fmtInterval
FN:279,(anonymous_16)
FNF:17
FNH:0
FNDA:0,register
FNDA:0,(anonymous_1)
FNDA:0,(anonymous_2)
FNDA:0,purgeExpiredOtpAttempts
FNDA:0,purgeStaleRideBids
FNDA:0,purgeExpiredRefreshTokens
FNDA:0,purgeExpiredMagicLinkTokens
FNDA:0,purgeExpiredOtpTokens
FNDA:0,purgeExpiredUserSessions
FNDA:0,purgeStaleLocations
FNDA:0,purgeOldLocationHistory
FNDA:0,archiveOldLoginHistory
FNDA:0,startScheduler
FNDA:0,stopScheduler
FNDA:0,getSchedulerStatus
FNDA:0,fmtInterval
FNDA:0,(anonymous_16)
DA:47,5
DA:48,5
DA:55,0
DA:58,0
DA:59,0
DA:60,0
DA:62,0
DA:63,0
DA:64,0
DA:65,0
DA:66,0
DA:68,0
DA:69,0
DA:70,0
DA:74,0
DA:76,0
DA:84,0
DA:86,0
DA:87,0
DA:88,0
DA:90,0
DA:91,0
DA:98,0
DA:99,0
DA:105,0
DA:109,0
DA:110,0
DA:112,0
DA:117,0
DA:118,0
DA:122,0
DA:123,0
DA:125,0
DA:130,0
DA:134,0
DA:135,0
DA:137,0
DA:142,0
DA:146,0
DA:147,0
DA:149,0
DA:154,0
DA:158,0
DA:159,0
DA:161,0
DA:166,0
DA:167,0
DA:173,0
DA:174,0
DA:176,0
DA:181,0
DA:182,0
DA:186,0
DA:187,0
DA:192,0
DA:197,0
DA:198,0
DA:202,0
DA:203,0
DA:208,0
DA:213,0
DA:214,0
DA:218,0
DA:219,0
DA:221,0
DA:227,5
DA:241,0
DA:242,0
DA:243,0
DA:244,0
DA:245,0
DA:246,0
DA:247,0
DA:248,0
DA:249,0
DA:250,0
DA:251,0
DA:252,0
DA:256,0
DA:257,0
DA:259,0
DA:260,0
DA:261,0
DA:262,0
DA:272,0
DA:273,0
DA:274,0
DA:276,0
DA:279,0
LF:89
LH:3
BRDA:69,0,0,0
BRDA:69,0,1,0
BRDA:109,1,0,0
BRDA:109,1,1,0
BRDA:122,2,0,0
BRDA:122,2,1,0
BRDA:134,3,0,0
BRDA:134,3,1,0
BRDA:146,4,0,0
BRDA:146,4,1,0
BRDA:158,5,0,0
BRDA:158,5,1,0
BRDA:173,6,0,0
BRDA:173,6,1,0
BRDA:186,7,0,0
BRDA:186,7,1,0
BRDA:202,8,0,0
BRDA:202,8,1,0
BRDA:218,9,0,0
BRDA:218,9,1,0
BRDA:272,10,0,0
BRDA:272,10,1,0
BRDA:273,11,0,0
BRDA:273,11,1,0
BRF:24
BRH:0
end_of_record
TN:
SF:src/docs/swagger.ts
FN:19,(anonymous_0)
FNF:1
FNH:1
FNDA:5,(anonymous_0)
DA:14,5
DA:15,5
DA:18,5
DA:19,5
DA:20,5
DA:22,5
DA:27,5
DA:28,5
DA:29,5
DA:30,5
DA:32,0
DA:39,0
DA:41,0
DA:49,5
DA:53,5
DA:55,5
DA:139,5
LF:17
LH:14
BRDA:30,0,0,5
BRDA:30,0,1,0
BRDA:49,1,0,5
BRDA:49,1,1,0
BRDA:67,2,0,0
BRDA:67,2,1,5
BRF:6
BRH:3
end_of_record
TN:
SF:src/lib/auth-otp-bypass.ts
FN:37,checkOTPBypass
FN:131,logOTPBypassEvent
FN:162,createBypassResponse
FN:184,hashOtp
FN:192,verifyOtp
FNF:5
FNH:0
FNDA:0,checkOTPBypass
FNDA:0,logOTPBypassEvent
FNDA:0,createBypassResponse
FNDA:0,hashOtp
FNDA:0,verifyOtp
DA:20,5
DA:38,0
DA:40,0
DA:42,0
DA:47,0
DA:48,0
DA:56,0
DA:64,0
DA:65,0
DA:66,0
DA:80,0
DA:89,0
DA:94,0
DA:98,0
DA:104,0
DA:113,0
DA:119,0
DA:120,0
DA:144,0
DA:145,0
DA:155,0
DA:163,0
DA:185,0
DA:193,0
DA:194,0
DA:195,0
DA:197,0
DA:198,0
LF:28
LH:1
BRDA:47,0,0,0
BRDA:47,0,1,0
BRDA:47,1,0,0
BRDA:47,1,1,0
BRDA:47,1,2,0
BRDA:64,2,0,0
BRDA:64,2,1,0
BRDA:89,3,0,0
BRDA:89,3,1,0
BRDA:94,4,0,0
BRDA:94,4,1,0
BRDA:94,5,0,0
BRDA:94,5,1,0
BRDA:94,5,2,0
BRDA:107,6,0,0
BRDA:107,6,1,0
BRDA:152,7,0,0
BRDA:152,7,1,0
BRDA:165,8,0,0
BRDA:165,8,1,0
BRDA:166,9,0,0
BRDA:166,9,1,0
BRDA:167,10,0,0
BRDA:167,10,1,0
BRDA:168,11,0,0
BRDA:168,11,1,0
BRDA:172,12,0,0
BRDA:172,12,1,0
BRDA:193,13,0,0
BRDA:193,13,1,0
BRDA:193,14,0,0
BRDA:193,14,1,0
BRF:32
BRH:0
end_of_record
TN:
SF:src/lib/auth-response.ts
FN:109,sendAuthSuccess
FN:121,sendAuthError
FN:176,logAuthEvent
FN:192,(anonymous_3)
FNF:4
FNH:0
FNDA:0,sendAuthSuccess
FNDA:0,sendAuthError
FNDA:0,logAuthEvent
FNDA:0,(anonymous_3)
DA:23,5
DA:114,0
DA:128,0
DA:177,0
DA:178,0
DA:193,0
LF:6
LH:1
BRDA:128,0,0,0
BRDA:128,0,1,0
BRDA:181,1,0,0
BRDA:181,1,1,0
BRDA:183,2,0,0
BRDA:183,2,1,0
BRDA:184,3,0,0
BRDA:184,3,1,0
BRDA:186,4,0,0
BRDA:186,4,1,0
BRDA:187,5,0,0
BRDA:187,5,1,0
BRDA:189,6,0,0
BRDA:189,6,1,0
BRDA:190,7,0,0
BRDA:190,7,1,0
BRDA:194,8,0,0
BRDA:194,8,1,0
BRF:18
BRH:0
end_of_record
TN:
SF:src/lib/cleanupIdempotencyKeys.ts
FN:13,purgeExpiredIdempotencyKeys
FN:29,startIdempotencyKeyCleanup
FN:30,(anonymous_2)
FNF:3
FNH:0
FNDA:0,purgeExpiredIdempotencyKeys
FNDA:0,startIdempotencyKeyCleanup
FNDA:0,(anonymous_2)
DA:6,5
DA:7,5
DA:14,0
DA:15,0
DA:20,0
DA:21,0
DA:30,0
DA:31,0
DA:32,0
DA:34,0
LF:10
LH:2
BRDA:20,0,0,0
BRDA:20,0,1,0
BRF:2
BRH:0
end_of_record
TN:
SF:src/lib/delivery-access.ts
FN:17,invalidateDeliveryAccessCache
FN:24,getDeliveryAccessMode
FN:33,isWhitelisted
FN:93,checkDeliveryEligibility
FN:129,checkUserOnlyEligibility
FN:148,addAuditLog
FNF:6
FNH:0
FNDA:0,invalidateDeliveryAccessCache
FNDA:0,getDeliveryAccessMode
FNDA:0,isWhitelisted
FNDA:0,checkDeliveryEligibility
FNDA:0,checkUserOnlyEligibility
FNDA:0,addAuditLog
DA:9,5
DA:10,5
DA:11,5
DA:13,5
DA:14,5
DA:15,5
DA:18,0
DA:19,0
DA:20,0
DA:21,0
DA:25,0
DA:26,0
DA:27,0
DA:28,0
DA:29,0
DA:30,0
DA:38,0
DA:39,0
DA:40,0
DA:41,0
DA:43,0
DA:44,0
DA:47,0
DA:48,0
DA:67,0
DA:68,0
DA:69,0
DA:70,0
DA:75,0
DA:77,0
DA:78,0
DA:79,0
DA:80,0
DA:83,0
DA:84,0
DA:98,0
DA:100,0
DA:101,0
DA:104,0
DA:105,0
DA:106,0
DA:107,0
DA:108,0
DA:111,0
DA:112,0
DA:113,0
DA:114,0
DA:117,0
DA:118,0
DA:119,0
DA:120,0
DA:121,0
DA:122,0
DA:123,0
DA:126,0
DA:133,0
DA:135,0
DA:136,0
DA:139,0
DA:140,0
DA:141,0
DA:142,0
DA:145,0
DA:157,0
DA:158,0
DA:163,0
LF:66
LH:6
BRDA:25,0,0,0
BRDA:25,0,1,0
BRDA:25,1,0,0
BRDA:25,1,1,0
BRDA:27,2,0,0
BRDA:27,2,1,0
BRDA:39,3,0,0
BRDA:39,3,1,0
BRDA:41,4,0,0
BRDA:41,4,1,0
BRDA:68,5,0,0
BRDA:68,5,1,0
BRDA:68,6,0,0
BRDA:68,6,1,0
BRDA:69,7,0,0
BRDA:69,7,1,0
BRDA:77,8,0,0
BRDA:77,8,1,0
BRDA:78,9,0,0
BRDA:78,9,1,0
BRDA:100,10,0,0
BRDA:100,10,1,0
BRDA:104,11,0,0
BRDA:104,11,1,0
BRDA:105,12,0,0
BRDA:105,12,1,0
BRDA:107,13,0,0
BRDA:107,13,1,0
BRDA:111,14,0,0
BRDA:111,14,1,0
BRDA:113,15,0,0
BRDA:113,15,1,0
BRDA:117,16,0,0
BRDA:117,16,1,0
BRDA:118,17,0,0
BRDA:118,17,1,0
BRDA:120,18,0,0
BRDA:120,18,1,0
BRDA:122,19,0,0
BRDA:122,19,1,0
BRDA:135,20,0,0
BRDA:135,20,1,0
BRDA:135,21,0,0
BRDA:135,21,1,0
BRDA:139,22,0,0
BRDA:139,22,1,0
BRDA:139,23,0,0
BRDA:139,23,1,0
BRDA:141,24,0,0
BRDA:141,24,1,0
BRF:50
BRH:0
end_of_record
TN:
SF:src/lib/demo-snapshot.ts
FN:6,isDemoMode
FN:40,getDemoSnapshot
FN:44,setDemoMode
FN:71,invalidateDemoSnapshotCache
FNF:4
FNH:1
FNDA:0,isDemoMode
FNDA:1,getDemoSnapshot
FNDA:0,setDemoMode
FNDA:0,invalidateDemoSnapshotCache
DA:7,0
DA:8,0
DA:13,0
DA:15,0
DA:22,0
DA:41,1
DA:45,0
DA:46,0
DA:52,0
DA:53,0
DA:58,0
DA:65,0
DA:67,0
DA:68,0
LF:14
LH:1
BRDA:13,0,0,0
BRDA:13,0,1,0
BRDA:17,1,0,0
BRDA:17,1,1,0
BRDA:52,2,0,0
BRDA:52,2,1,0
BRDA:55,3,0,0
BRDA:55,3,1,0
BRDA:60,4,0,0
BRDA:60,4,1,0
BRF:10
BRH:0
end_of_record
TN:
SF:src/lib/fcm.ts
FN:32,sendFcmToToken
FN:71,sendFcmToTokens
FN:103,(anonymous_2)
FN:125,buildDataEntries
FN:137,isStaleTokenError
FNF:5
FNH:0
FNDA:0,sendFcmToToken
FNDA:0,sendFcmToTokens
FNDA:0,(anonymous_2)
FNDA:0,buildDataEntries
FNDA:0,isStaleTokenError
DA:26,5
DA:33,0
DA:34,0
DA:36,0
DA:37,0
DA:38,0
DA:54,0
DA:56,0
DA:57,0
DA:58,0
DA:60,0
DA:62,0
DA:75,0
DA:76,0
DA:77,0
DA:79,0
DA:80,0
DA:81,0
DA:84,0
DA:85,0
DA:86,0
DA:87,0
DA:103,0
DA:104,0
DA:105,0
DA:107,0
DA:108,0
DA:109,0
DA:111,0
DA:116,0
DA:120,0
DA:126,0
DA:127,0
DA:128,0
DA:129,0
DA:130,0
DA:131,0
DA:134,0
DA:138,0
LF:39
LH:1
BRDA:34,0,0,0
BRDA:34,0,1,0
BRDA:46,1,0,0
BRDA:46,1,1,0
BRDA:56,2,0,0
BRDA:56,2,1,0
BRDA:56,2,2,0
BRDA:57,3,0,0
BRDA:57,3,1,0
BRDA:75,4,0,0
BRDA:75,4,1,0
BRDA:77,5,0,0
BRDA:77,5,1,0
BRDA:94,6,0,0
BRDA:94,6,1,0
BRDA:104,7,0,0
BRDA:104,7,1,0
BRDA:107,8,0,0
BRDA:107,8,1,0
BRDA:108,9,0,0
BRDA:108,9,1,0
BRDA:127,10,0,0
BRDA:127,10,1,0
BRDA:128,11,0,0
BRDA:128,11,1,0
BRDA:129,12,0,0
BRDA:129,12,1,0
BRDA:139,13,0,0
BRDA:139,13,1,0
BRF:29
BRH:0
end_of_record
TN:
SF:src/lib/fees.ts
FN:33,calcDeliveryFee
FN:56,calcGst
FN:69,calcCodFee
FN:86,calcOrderFees
FNF:4
FNH:0
FNDA:0,calcDeliveryFee
FNDA:0,calcGst
FNDA:0,calcCodFee
FNDA:0,calcOrderFees
DA:18,5
DA:39,0
DA:40,0
DA:42,0
DA:43,0
DA:44,0
DA:45,0
DA:48,0
DA:49,0
DA:50,0
DA:57,0
DA:58,0
DA:59,0
DA:74,0
DA:75,0
DA:76,0
DA:77,0
DA:93,0
DA:94,0
DA:95,0
DA:96,0
DA:97,0
DA:98,0
DA:99,0
LF:24
LH:1
BRDA:37,0,0,0
BRDA:39,1,0,0
BRDA:39,1,1,0
BRDA:40,2,0,0
BRDA:40,2,1,0
BRDA:43,3,0,0
BRDA:43,3,1,0
BRDA:44,4,0,0
BRDA:44,4,1,0
BRDA:48,5,0,0
BRDA:48,5,1,0
BRDA:49,6,0,0
BRDA:49,6,1,0
BRDA:50,7,0,0
BRDA:50,7,1,0
BRDA:50,8,0,0
BRDA:50,8,1,0
BRDA:57,9,0,0
BRDA:57,9,1,0
BRDA:58,10,0,0
BRDA:58,10,1,0
BRDA:59,11,0,0
BRDA:59,11,1,0
BRDA:74,12,0,0
BRDA:74,12,1,0
BRDA:74,13,0,0
BRDA:74,13,1,0
BRDA:75,14,0,0
BRDA:75,14,1,0
BRDA:75,14,2,0
BRDA:76,15,0,0
BRDA:76,15,1,0
BRDA:77,16,0,0
BRDA:77,16,1,0
BRDA:77,17,0,0
BRDA:77,17,1,0
BRDA:91,18,0,0
BRDA:93,19,0,0
BRDA:93,19,1,0
BRDA:97,20,0,0
BRDA:97,20,1,0
BRF:41
BRH:0
end_of_record
TN:
SF:src/lib/fireAndForget.ts
FN:20,fireAndForget
FN:26,(anonymous_1)
FNF:2
FNH:0
FNDA:0,fireAndForget
FNDA:0,(anonymous_1)
DA:26,0
DA:27,0
DA:28,0
LF:3
LH:0
BRDA:32,0,0,0
BRDA:32,0,1,0
BRDA:33,1,0,0
BRDA:33,1,1,0
BRDA:34,2,0,0
BRDA:34,2,1,0
BRF:6
BRH:0
end_of_record
TN:
SF:src/lib/geofence.ts
FN:8,haversineKm
FN:41,getActiveZones
FN:81,invalidateZoneCache
FN:98,isInServiceZone
FN:114,(anonymous_4)
FNF:5
FNH:0
FNDA:0,haversineKm
FNDA:0,getActiveZones
FNDA:0,invalidateZoneCache
FNDA:0,isInServiceZone
FNDA:0,(anonymous_4)
DA:9,0
DA:10,0
DA:11,0
DA:13,0
DA:15,0
DA:30,5
DA:31,5
DA:32,5
DA:39,5
DA:42,0
DA:43,0
DA:44,0
DA:45,0
DA:46,0
DA:47,0
DA:61,0
DA:62,0
DA:64,0
DA:65,0
DA:66,0
DA:71,0
DA:77,0
DA:82,0
DA:103,0
DA:106,0
DA:107,0
DA:111,0
DA:114,0
DA:115,0
DA:116,0
DA:117,0
DA:118,0
DA:121,0
DA:122,0
DA:123,0
DA:125,0
DA:126,0
DA:127,0
DA:128,0
DA:132,0
LF:40
LH:4
BRDA:43,0,0,0
BRDA:43,0,1,0
BRDA:44,1,0,0
BRDA:44,1,1,0
BRDA:45,2,0,0
BRDA:45,2,1,0
BRDA:64,3,0,0
BRDA:64,3,1,0
BRDA:106,4,0,0
BRDA:106,4,1,0
BRDA:106,5,0,0
BRDA:106,5,1,0
BRDA:115,6,0,0
BRDA:115,6,1,0
BRDA:116,7,0,0
BRDA:116,7,1,0
BRDA:117,8,0,0
BRDA:117,8,1,0
BRDA:122,9,0,0
BRDA:122,9,1,0
BRDA:123,10,0,0
BRDA:123,10,1,0
BRDA:127,11,0,0
BRDA:127,11,1,0
BRF:24
BRH:0
end_of_record
TN:
SF:src/lib/getUserLanguage.ts
FN:9,getPlatformDefaultLanguage
FN:20,getUserLanguage
FNF:2
FNH:0
FNDA:0,getPlatformDefaultLanguage
FNDA:0,getUserLanguage
DA:7,5
DA:10,0
DA:11,0
DA:12,0
DA:13,0
DA:15,0
DA:17,0
DA:21,0
DA:22,0
DA:28,0
DA:29,0
DA:32,0
DA:35,0
LF:13
LH:1
BRDA:13,0,0,0
BRDA:13,0,1,0
BRDA:13,1,0,0
BRDA:13,1,1,0
BRDA:28,2,0,0
BRDA:28,2,1,0
BRDA:28,3,0,0
BRDA:28,3,1,0
BRF:8
BRH:0
end_of_record
TN:
SF:src/lib/id.ts
FN:9,toBase62
FN:34,generateId
FNF:2
FNH:2
FNDA:10416,toBase62
FNDA:10416,generateId
DA:7,6
DA:10,10416
DA:11,10416
DA:12,10416
DA:13,10416
DA:14,227748
DA:15,227748
DA:17,10416
DA:35,10416
DA:36,10416
DA:37,10416
LF:11
LH:11
BRDA:10,0,0,0
BRDA:10,0,1,10416
BRF:2
BRH:1
end_of_record
TN:
SF:src/lib/logger.ts
FN:63,getLogger
FNF:1
FNH:0
FNDA:0,getLogger
DA:4,5
DA:7,5
DA:44,5
DA:64,0
DA:65,0
DA:66,0
LF:6
LH:3
BRDA:8,0,0,5
BRDA:8,0,1,5
BRDA:20,1,0,0
BRDA:20,1,1,5
BRDA:65,2,0,0
BRDA:65,2,1,0
BRDA:68,3,0,0
BRDA:68,3,1,0
BRDA:69,4,0,0
BRDA:69,4,1,0
BRF:10
BRH:3
end_of_record
TN:
SF:src/lib/payment-providers.ts
FN:35,hmacSHA256
FN:39,sha256
FN:43,txnDateTime
FN:45,(anonymous_3)
FN:49,txnExpiry
FN:51,(anonymous_5)
FN:55,buildJazzCashHash
FN:57,(anonymous_7)
FN:59,(anonymous_8)
FN:64,buildEasyPaisaHash
FN:68,getProviderConfig
FN:108,validatePaymentAmount
FN:124,isSupportedGateway
FNF:13
FNH:0
FNDA:0,hmacSHA256
FNDA:0,sha256
FNDA:0,txnDateTime
FNDA:0,(anonymous_3)
FNDA:0,txnExpiry
FNDA:0,(anonymous_5)
FNDA:0,buildJazzCashHash
FNDA:0,(anonymous_7)
FNDA:0,(anonymous_8)
FNDA:0,buildEasyPaisaHash
FNDA:0,getProviderConfig
FNDA:0,validatePaymentAmount
FNDA:0,isSupportedGateway
DA:36,0
DA:40,0
DA:44,0
DA:45,0
DA:46,0
DA:50,0
DA:51,0
DA:52,0
DA:56,0
DA:57,0
DA:59,0
DA:61,0
DA:65,0
DA:72,0
DA:74,0
DA:85,0
DA:96,0
DA:104,0
DA:113,0
DA:114,0
DA:115,0
DA:116,0
DA:117,0
DA:118,0
DA:121,5
DA:125,0
LF:26
LH:1
BRDA:49,0,0,0
BRDA:57,1,0,0
BRDA:57,1,1,0
BRDA:72,2,0,0
BRDA:72,2,1,0
BRDA:72,2,2,0
BRDA:72,2,3,0
BRDA:75,3,0,0
BRDA:75,3,1,0
BRDA:76,4,0,0
BRDA:76,4,1,0
BRDA:77,5,0,0
BRDA:77,5,1,0
BRDA:78,6,0,0
BRDA:78,6,1,0
BRDA:80,7,0,0
BRDA:80,7,1,0
BRDA:81,8,0,0
BRDA:81,8,1,0
BRDA:82,9,0,0
BRDA:82,9,1,0
BRDA:86,10,0,0
BRDA:86,10,1,0
BRDA:87,11,0,0
BRDA:87,11,1,0
BRDA:88,12,0,0
BRDA:88,12,1,0
BRDA:89,13,0,0
BRDA:89,13,1,0
BRDA:91,14,0,0
BRDA:91,14,1,0
BRDA:92,15,0,0
BRDA:92,15,1,0
BRDA:93,16,0,0
BRDA:93,16,1,0
BRDA:97,17,0,0
BRDA:97,17,1,0
BRDA:100,18,0,0
BRDA:100,18,1,0
BRDA:101,19,0,0
BRDA:101,19,1,0
BRDA:113,20,0,0
BRDA:113,20,1,0
BRDA:114,21,0,0
BRDA:114,21,1,0
BRDA:116,22,0,0
BRDA:116,22,1,0
BRF:47
BRH:0
end_of_record
TN:
SF:src/lib/response.ts
FN:22,sendSuccess
FN:35,sendCreated
FN:39,sendAccepted
FN:43,sendError
FN:55,sendErrorWithData
FN:68,sendValidationError
FN:72,sendUnauthorized
FN:80,sendForbidden
FN:84,sendNotFound
FN:88,sendTooManyRequests
FN:98,sendConflict
FN:102,sendInternalError
FNF:12
FNH:5
FNDA:13,sendSuccess
FNDA:0,sendCreated
FNDA:0,sendAccepted
FNDA:35,sendError
FNDA:3,sendErrorWithData
FNDA:25,sendValidationError
FNDA:0,sendUnauthorized
FNDA:0,sendForbidden
FNDA:1,sendNotFound
FNDA:0,sendTooManyRequests
FNDA:0,sendConflict
FNDA:0,sendInternalError
DA:11,5
DA:28,13
DA:29,13
DA:30,13
DA:31,13
DA:32,13
DA:36,0
DA:40,0
DA:49,35
DA:50,35
DA:51,35
DA:52,35
DA:62,3
DA:63,3
DA:64,3
DA:65,3
DA:69,25
DA:77,0
DA:81,0
DA:85,1
DA:89,0
DA:90,0
DA:91,0
DA:92,0
DA:93,0
DA:95,0
DA:99,0
DA:103,0
LF:28
LH:16
BRDA:28,0,0,13
BRDA:28,0,1,13
BRDA:30,1,0,13
BRDA:30,1,1,0
BRDA:31,2,0,0
BRDA:31,2,1,13
BRDA:49,3,0,35
BRDA:49,3,1,0
BRDA:51,4,0,35
BRDA:51,4,1,10
BRDA:51,4,2,7
BRDA:62,5,0,3
BRDA:62,5,1,0
BRDA:64,6,0,3
BRDA:64,6,1,3
BRDA:64,6,2,0
BRDA:69,7,0,25
BRDA:69,7,1,25
BRDA:74,8,0,0
BRDA:80,9,0,0
BRDA:84,10,0,1
BRDA:90,11,0,0
BRDA:90,11,1,0
BRDA:92,12,0,0
BRDA:92,12,1,0
BRDA:98,13,0,0
BRDA:103,14,0,0
BRDA:103,14,1,0
BRF:28
BRH:14
end_of_record
TN:
SF:src/lib/rideEvents.ts
FN:12,emitRideUpdate
FN:20,onRideUpdate
FN:23,(anonymous_2)
FNF:3
FNH:0
FNDA:0,emitRideUpdate
FNDA:0,onRideUpdate
FNDA:0,(anonymous_2)
DA:3,5
DA:6,5
DA:13,0
DA:21,0
DA:22,0
DA:23,0
LF:6
LH:2
BRF:0
BRH:0
end_of_record
TN:
SF:src/lib/seedDefaults.ts
FN:131,ensureDefaultRideServices
FN:140,(anonymous_1)
FN:162,ensureDefaultLocations
FN:171,(anonymous_3)
FNF:4
FNH:2
FNDA:1,ensureDefaultRideServices
FNDA:3,(anonymous_1)
FNDA:0,ensureDefaultLocations
FNDA:0,(anonymous_3)
DA:7,5
DA:15,5
DA:128,5
DA:129,5
DA:132,1
DA:133,1
DA:134,1
DA:135,1
DA:136,1
DA:137,1
DA:140,3
DA:156,0
DA:158,1
DA:163,0
DA:164,0
DA:165,0
DA:166,0
DA:167,0
DA:168,0
DA:171,0
DA:185,0
DA:187,0
LF:22
LH:12
BRDA:132,0,0,0
BRDA:132,0,1,1
BRDA:136,1,0,0
BRDA:136,1,1,1
BRDA:136,2,0,1
BRDA:136,2,1,0
BRDA:163,3,0,0
BRDA:163,3,1,0
BRDA:167,4,0,0
BRDA:167,4,1,0
BRDA:167,5,0,0
BRDA:167,5,1,0
BRF:12
BRH:3
end_of_record
TN:
SF:src/lib/storage.ts
FN:29,parseBucketUrl
FN:106,ensureLocalDir
FN:116,saveFallback
FN:123,isS3Enabled
FN:132,storageDownload
FN:181,storageUpload
FN:281,storageUploadPrivate
FN:318,storageDownloadPrivate
FNF:8
FNH:0
FNDA:0,parseBucketUrl
FNDA:0,ensureLocalDir
FNDA:0,saveFallback
FNDA:0,isS3Enabled
FNDA:0,storageDownload
FNDA:0,storageUpload
FNDA:0,storageUploadPrivate
FNDA:0,storageDownloadPrivate
DA:7,5
DA:8,5
DA:9,5
DA:10,5
DA:11,5
DA:12,5
DA:13,5
DA:15,5
DA:16,5
DA:18,5
DA:19,5
DA:20,5
DA:30,0
DA:32,0
DA:33,0
DA:35,0
DA:39,0
DA:40,0
DA:41,0
DA:42,0
DA:43,0
DA:46,0
DA:49,5
DA:50,0
DA:52,0
DA:53,0
DA:54,0
DA:55,0
DA:57,0
DA:59,0
DA:60,0
DA:61,0
DA:64,0
DA:65,0
DA:67,0
DA:68,0
DA:72,0
DA:81,0
DA:86,0
DA:89,0
DA:93,0
DA:99,0
DA:100,0
DA:103,5
DA:107,0
DA:117,0
DA:118,0
DA:119,0
DA:120,0
DA:124,0
DA:135,0
DA:136,0
DA:137,0
DA:140,0
DA:141,0
DA:142,0
DA:143,0
DA:144,0
DA:146,0
DA:151,0
DA:155,0
DA:159,0
DA:160,0
DA:163,0
DA:164,0
DA:165,0
DA:166,0
DA:168,0
DA:175,0
DA:177,0
DA:186,0
DA:187,0
DA:195,0
DA:201,0
DA:202,0
DA:209,0
DA:231,5
DA:232,5
DA:233,5
DA:234,5
DA:236,5
DA:237,5
DA:239,5
DA:240,0
DA:241,0
DA:244,0
DA:245,0
DA:246,0
DA:247,0
DA:256,0
DA:258,0
DA:263,0
DA:265,5
DA:266,5
DA:286,0
DA:287,0
DA:298,0
DA:301,0
DA:302,0
DA:310,0
DA:311,0
DA:321,0
DA:322,0
DA:323,0
DA:326,0
DA:327,0
DA:328,0
DA:329,0
DA:330,0
DA:332,0
DA:337,0
DA:341,0
DA:345,0
DA:346,0
DA:352,0
DA:353,0
DA:354,0
DA:355,0
DA:357,0
DA:364,0
DA:366,0
LF:121
LH:23
BRDA:12,0,0,5
BRDA:12,0,1,5
BRDA:33,1,0,0
BRDA:33,1,1,0
BRDA:40,2,0,0
BRDA:40,2,1,0
BRDA:49,3,0,0
BRDA:49,3,1,5
BRDA:54,4,0,0
BRDA:54,4,1,0
BRDA:57,5,0,0
BRDA:57,5,1,0
BRDA:60,6,0,0
BRDA:60,6,1,0
BRDA:64,7,0,0
BRDA:64,7,1,0
BRDA:65,8,0,0
BRDA:65,8,1,0
BRDA:67,9,0,0
BRDA:67,9,1,0
BRDA:86,10,0,0
BRDA:86,10,1,0
BRDA:89,11,0,0
BRDA:89,11,1,0
BRDA:119,12,0,0
BRDA:119,12,1,0
BRDA:124,13,0,0
BRDA:124,13,1,0
BRDA:135,14,0,0
BRDA:135,14,1,0
BRDA:135,15,0,0
BRDA:135,15,1,0
BRDA:140,16,0,0
BRDA:140,16,1,0
BRDA:144,17,0,0
BRDA:144,17,1,0
BRDA:148,18,0,0
BRDA:148,18,1,0
BRDA:152,19,0,0
BRDA:152,19,1,0
BRDA:159,20,0,0
BRDA:159,20,1,0
BRDA:168,21,0,0
BRDA:168,21,1,0
BRDA:168,22,0,0
BRDA:168,22,1,0
BRDA:170,23,0,0
BRDA:170,23,1,0
BRDA:172,24,0,0
BRDA:172,24,1,0
BRDA:186,25,0,0
BRDA:186,25,1,0
BRDA:186,26,0,0
BRDA:186,26,1,0
BRDA:186,26,2,0
BRDA:201,27,0,0
BRDA:201,27,1,0
BRDA:232,28,0,5
BRDA:232,28,1,5
BRDA:233,29,0,5
BRDA:233,29,1,5
BRDA:239,30,0,0
BRDA:239,30,1,5
BRDA:244,31,0,0
BRDA:244,31,1,0
BRDA:246,32,0,0
BRDA:246,32,1,0
BRDA:246,33,0,0
BRDA:246,33,1,0
BRDA:246,33,2,0
BRDA:265,34,0,5
BRDA:265,34,1,0
BRDA:286,35,0,0
BRDA:286,35,1,0
BRDA:286,36,0,0
BRDA:286,36,1,0
BRDA:301,37,0,0
BRDA:301,37,1,0
BRDA:321,38,0,0
BRDA:321,38,1,0
BRDA:321,39,0,0
BRDA:321,39,1,0
BRDA:326,40,0,0
BRDA:326,40,1,0
BRDA:330,41,0,0
BRDA:330,41,1,0
BRDA:334,42,0,0
BRDA:334,42,1,0
BRDA:338,43,0,0
BRDA:338,43,1,0
BRDA:345,44,0,0
BRDA:345,44,1,0
BRDA:357,45,0,0
BRDA:357,45,1,0
BRDA:357,46,0,0
BRDA:357,46,1,0
BRDA:359,47,0,0
BRDA:359,47,1,0
BRDA:361,48,0,0
BRDA:361,48,1,0
BRF:100
BRH:9
end_of_record
TN:
SF:src/lib/webhook-emitter.ts
FN:8,(anonymous_0)
FN:12,runWithConcurrencyLimit
FN:18,(anonymous_2)
FN:21,(anonymous_3)
FN:35,emitWebhookEvent
FN:42,(anonymous_5)
FN:56,(anonymous_6)
FN:56,(anonymous_7)
FN:67,dispatchWebhook
FN:87,(anonymous_9)
FN:121,(anonymous_10)
FN:131,(anonymous_11)
FN:156,(anonymous_12)
FN:157,(anonymous_13)
FN:186,(anonymous_14)
FN:190,(anonymous_15)
FN:191,(anonymous_16)
FN:202,retryWebhook
FN:221,(anonymous_18)
FN:256,(anonymous_19)
FN:266,(anonymous_20)
FN:287,(anonymous_21)
FN:317,(anonymous_22)
FNF:23
FNH:0
FNDA:0,(anonymous_0)
FNDA:0,runWithConcurrencyLimit
FNDA:0,(anonymous_2)
FNDA:0,(anonymous_3)
FNDA:0,emitWebhookEvent
FNDA:0,(anonymous_5)
FNDA:0,(anonymous_6)
FNDA:0,(anonymous_7)
FNDA:0,dispatchWebhook
FNDA:0,(anonymous_9)
FNDA:0,(anonymous_10)
FNDA:0,(anonymous_11)
FNDA:0,(anonymous_12)
FNDA:0,(anonymous_13)
FNDA:0,(anonymous_14)
FNDA:0,(anonymous_15)
FNDA:0,(anonymous_16)
FNDA:0,retryWebhook
FNDA:0,(anonymous_18)
FNDA:0,(anonymous_19)
FNDA:0,(anonymous_20)
FNDA:0,(anonymous_21)
FNDA:0,(anonymous_22)
DA:8,0
DA:10,5
DA:16,0
DA:17,0
DA:18,0
DA:20,0
DA:23,0
DA:24,0
DA:27,0
DA:28,0
DA:29,0
DA:32,0
DA:36,0
DA:37,0
DA:42,0
DA:43,0
DA:44,0
DA:47,0
DA:49,0
DA:55,0
DA:56,0
DA:60,0
DA:74,0
DA:75,0
DA:79,0
DA:82,0
DA:83,0
DA:85,0
DA:86,0
DA:87,0
DA:89,0
DA:101,0
DA:103,0
DA:104,0
DA:108,0
DA:122,0
DA:127,0
DA:130,0
DA:131,0
DA:132,0
DA:136,0
DA:139,0
DA:151,0
DA:152,0
DA:156,0
DA:157,0
DA:158,0
DA:164,0
DA:167,0
DA:168,0
DA:169,0
DA:173,0
DA:187,0
DA:190,0
DA:191,0
DA:192,0
DA:198,0
DA:208,0
DA:209,0
DA:213,0
DA:216,0
DA:217,0
DA:219,0
DA:220,0
DA:221,0
DA:223,0
DA:236,0
DA:238,0
DA:239,0
DA:243,0
DA:257,0
DA:262,0
DA:265,0
DA:266,0
DA:267,0
DA:271,0
DA:274,0
DA:288,0
DA:291,0
DA:292,0
DA:298,0
DA:299,0
DA:300,0
DA:304,0
DA:318,0
LF:85
LH:1
BRDA:28,0,0,0
BRDA:28,0,1,0
BRDA:43,1,0,0
BRDA:43,1,1,0
BRDA:47,2,0,0
BRDA:47,2,1,0
BRDA:74,3,0,0
BRDA:74,3,1,0
BRDA:93,4,0,0
BRDA:93,4,1,0
BRDA:103,5,0,0
BRDA:103,5,1,0
BRDA:103,6,0,0
BRDA:103,6,1,0
BRDA:103,6,2,0
BRDA:133,7,0,0
BRDA:133,7,1,0
BRDA:151,8,0,0
BRDA:151,8,1,0
BRDA:164,9,0,0
BRDA:164,9,1,0
BRDA:168,10,0,0
BRDA:168,10,1,0
BRDA:198,11,0,0
BRDA:198,11,1,0
BRDA:208,12,0,0
BRDA:208,12,1,0
BRDA:227,13,0,0
BRDA:227,13,1,0
BRDA:238,14,0,0
BRDA:238,14,1,0
BRDA:238,15,0,0
BRDA:238,15,1,0
BRDA:238,15,2,0
BRDA:268,16,0,0
BRDA:268,16,1,0
BRDA:291,17,0,0
BRDA:291,17,1,0
BRDA:299,18,0,0
BRDA:299,18,1,0
BRF:40
BRH:0
end_of_record
TN:
SF:src/lib/webhook-url-validator.ts
FN:4,isPrivateIpOrHost
FN:35,isValidWebhookUrl
FNF:2
FNH:0
FNDA:0,isPrivateIpOrHost
FNDA:0,isValidWebhookUrl
DA:5,0
DA:7,0
DA:10,0
DA:13,0
DA:14,0
DA:17,0
DA:20,0
DA:23,0
DA:26,0
DA:29,0
DA:30,0
DA:32,0
DA:36,0
DA:37,0
DA:38,0
DA:40,0
DA:42,0
DA:45,0
DA:46,0
DA:48,0
DA:52,0
DA:55,0
DA:56,0
DA:57,0
DA:61,0
DA:65,0
DA:67,0
DA:71,0
LF:28
LH:0
BRDA:5,0,0,0
BRDA:5,0,1,0
BRDA:5,1,0,0
BRDA:5,1,1,0
BRDA:7,2,0,0
BRDA:7,2,1,0
BRDA:7,3,0,0
BRDA:7,3,1,0
BRDA:7,3,2,0
BRDA:7,3,3,0
BRDA:10,4,0,0
BRDA:10,4,1,0
BRDA:13,5,0,0
BRDA:13,5,1,0
BRDA:13,6,0,0
BRDA:13,6,1,0
BRDA:14,7,0,0
BRDA:14,7,1,0
BRDA:17,8,0,0
BRDA:17,8,1,0
BRDA:20,9,0,0
BRDA:20,9,1,0
BRDA:20,10,0,0
BRDA:20,10,1,0
BRDA:23,11,0,0
BRDA:23,11,1,0
BRDA:26,12,0,0
BRDA:26,12,1,0
BRDA:30,13,0,0
BRDA:30,13,1,0
BRDA:38,14,0,0
BRDA:38,14,1,0
BRDA:42,15,0,0
BRDA:42,15,1,0
BRDA:56,16,0,0
BRDA:56,16,1,0
BRDA:68,17,0,0
BRDA:68,17,1,0
BRF:38
BRH:0
end_of_record
TN:
SF:src/lib/webpush.ts
FN:10,initVapid
FN:24,getVapidPublicKey
FN:48,sendPushToUser
FN:59,sendPushToRole
FN:67,sendPushToUsers
FN:76,sendPushToSubs
FN:84,(anonymous_6)
FN:85,(anonymous_7)
FN:101,(anonymous_8)
FN:129,(anonymous_9)
FN:142,sendVapidSubs
FN:151,(anonymous_11)
FNF:12
FNH:0
FNDA:0,initVapid
FNDA:0,getVapidPublicKey
FNDA:0,sendPushToUser
FNDA:0,sendPushToRole
FNDA:0,sendPushToUsers
FNDA:0,sendPushToSubs
FNDA:0,(anonymous_6)
FNDA:0,(anonymous_7)
FNDA:0,(anonymous_8)
FNDA:0,(anonymous_9)
FNDA:0,sendVapidSubs
FNDA:0,(anonymous_11)
DA:8,5
DA:11,0
DA:12,0
DA:13,0
DA:14,0
DA:15,0
DA:16,0
DA:17,0
DA:19,0
DA:20,0
DA:21,0
DA:25,0
DA:52,0
DA:56,0
DA:60,0
DA:64,0
DA:68,0
DA:69,0
DA:73,0
DA:80,0
DA:81,0
DA:84,0
DA:85,0
DA:87,0
DA:88,0
DA:90,0
DA:91,0
DA:92,0
DA:93,0
DA:97,0
DA:101,0
DA:113,0
DA:115,0
DA:116,0
DA:117,0
DA:118,0
DA:121,0
DA:122,0
DA:125,0
DA:126,0
DA:130,0
DA:134,0
DA:147,0
DA:148,0
DA:149,0
DA:150,0
DA:152,0
DA:153,0
DA:154,0
DA:158,0
DA:160,0
DA:161,0
DA:163,0
DA:168,0
LF:54
LH:1
BRDA:11,0,0,0
BRDA:11,0,1,0
BRDA:12,1,0,0
BRDA:12,1,1,0
BRDA:13,2,0,0
BRDA:13,2,1,0
BRDA:14,3,0,0
BRDA:14,3,1,0
BRDA:15,4,0,0
BRDA:15,4,1,0
BRDA:15,5,0,0
BRDA:15,5,1,0
BRDA:25,6,0,0
BRDA:25,6,1,0
BRDA:68,7,0,0
BRDA:68,7,1,0
BRDA:80,8,0,0
BRDA:80,8,1,0
BRDA:91,9,0,0
BRDA:91,9,1,0
BRDA:98,10,0,0
BRDA:98,10,1,0
BRDA:99,11,0,0
BRDA:99,11,1,0
BRDA:107,12,0,0
BRDA:107,12,1,0
BRDA:115,13,0,0
BRDA:115,13,1,0
BRDA:115,14,0,0
BRDA:115,14,1,0
BRDA:118,15,0,0
BRDA:118,15,1,0
BRDA:121,16,0,0
BRDA:121,16,1,0
BRDA:125,17,0,0
BRDA:125,17,1,0
BRDA:147,18,0,0
BRDA:147,18,1,0
BRDA:152,19,0,0
BRDA:152,19,1,0
BRDA:152,20,0,0
BRDA:152,20,1,0
BRDA:160,21,0,0
BRDA:160,21,1,0
BRDA:160,22,0,0
BRDA:160,22,1,0
BRF:46
BRH:0
end_of_record
TN:
SF:src/lib/crypto/encryption.ts
FN:26,deriveKey
FN:45,encrypt
FN:60,decrypt
FN:80,isEncryptionAvailable
FNF:4
FNH:0
FNDA:0,deriveKey
FNDA:0,encrypt
FNDA:0,decrypt
FNDA:0,isEncryptionAvailable
DA:18,5
DA:19,5
DA:20,5
DA:21,5
DA:22,5
DA:24,5
DA:27,0
DA:29,0
DA:30,0
DA:31,0
DA:37,0
DA:38,0
DA:46,0
DA:47,0
DA:48,0
DA:50,0
DA:51,0
DA:53,0
DA:61,0
DA:62,0
DA:64,0
DA:65,0
DA:68,0
DA:69,0
DA:70,0
DA:72,0
DA:73,0
DA:75,0
DA:76,0
DA:81,0
DA:82,0
DA:83,0
DA:85,0
DA:92,0
LF:34
LH:6
BRDA:27,0,0,0
BRDA:27,0,1,0
BRDA:30,1,0,0
BRDA:30,1,1,0
BRDA:30,2,0,0
BRDA:30,2,1,0
BRDA:64,3,0,0
BRDA:64,3,1,0
BRDA:87,4,0,0
BRDA:87,4,1,0
BRF:10
BRH:0
end_of_record
TN:
SF:src/lib/metrics/responseTime.ts
FN:15,recordResponseTime
FN:26,getP95Ms
FN:28,(anonymous_2)
FN:34,getSampleCount
FN:42,getP50Ms
FN:44,(anonymous_5)
FN:53,getP99Ms
FN:55,(anonymous_7)
FN:68,getMemoryPct
FN:77,getRssMemoryPct
FN:89,getDiskPct
FN:108,getDiskFreeGb
FNF:12
FNH:5
FNDA:97,recordResponseTime
FNDA:3,getP95Ms
FNDA:0,(anonymous_2)
FNDA:0,getSampleCount
FNDA:0,getP50Ms
FNDA:0,(anonymous_5)
FNDA:0,getP99Ms
FNDA:0,(anonymous_7)
FNDA:3,getMemoryPct
FNDA:0,getRssMemoryPct
FNDA:3,getDiskPct
FNDA:3,getDiskFreeGb
DA:11,5
DA:12,5
DA:16,97
DA:17,0
DA:19,97
DA:27,3
DA:28,0
DA:29,0
DA:30,0
DA:35,0
DA:43,0
DA:44,0
DA:45,0
DA:46,0
DA:54,0
DA:55,0
DA:56,0
DA:57,0
DA:69,3
DA:70,3
DA:78,0
DA:79,0
DA:80,0
DA:81,0
DA:90,3
DA:91,3
DA:92,3
DA:93,3
DA:94,3
DA:96,0
DA:103,0
DA:109,3
DA:110,3
DA:111,3
DA:113,0
DA:120,0
LF:36
LH:15
BRDA:16,0,0,0
BRDA:16,0,1,97
BRDA:27,1,0,3
BRDA:27,1,1,0
BRDA:43,2,0,0
BRDA:43,2,1,0
BRDA:54,3,0,0
BRDA:54,3,1,0
BRDA:80,4,0,0
BRDA:80,4,1,0
BRDA:89,5,0,3
BRDA:93,6,0,0
BRDA:93,6,1,3
BRDA:98,7,0,0
BRDA:98,7,1,0
BRDA:108,8,0,3
BRDA:115,9,0,0
BRDA:115,9,1,0
BRF:18
BRH:5
end_of_record
TN:
SF:src/lib/pagination/cursor.ts
FN:23,encodeCursor
FN:31,decodeCursor
FN:69,buildCursorPage
FNF:3
FNH:1
FNDA:0,encodeCursor
FNDA:0,decodeCursor
FNDA:1,buildCursorPage
DA:24,0
DA:32,0
DA:33,0
DA:34,0
DA:35,0
DA:37,0
DA:44,0
DA:74,1
DA:75,1
DA:76,1
DA:77,1
DA:79,1
LF:12
LH:5
BRDA:32,0,0,0
BRDA:32,0,1,0
BRDA:35,1,0,0
BRDA:35,1,1,0
BRDA:39,2,0,0
BRDA:39,2,1,0
BRDA:75,3,0,0
BRDA:75,3,1,1
BRDA:77,4,0,0
BRDA:77,4,1,1
BRDA:77,5,0,1
BRDA:77,5,1,0
BRF:12
BRH:3
end_of_record
TN:
SF:src/lib/validation/auth-schemas.ts
FNF:0
FNH:0
LF:0
LH:0
BRF:0
BRH:0
end_of_record
TN:
SF:src/lib/validation/schemas.ts
FN:24,(anonymous_0)
FN:25,(anonymous_1)
FN:78,(anonymous_2)
FN:155,(anonymous_3)
FN:177,(anonymous_4)
FN:213,(anonymous_5)
FN:226,(anonymous_6)
FN:281,(anonymous_7)
FN:282,(anonymous_8)
FN:557,(anonymous_9)
FN:608,(anonymous_10)
FN:617,(anonymous_11)
FN:624,(anonymous_12)
FN:630,(anonymous_13)
FN:647,(anonymous_14)
FN:672,(anonymous_15)
FN:717,(anonymous_16)
FN:725,(anonymous_17)
FN:736,(anonymous_18)
FN:741,(anonymous_19)
FN:753,(anonymous_20)
FN:764,(anonymous_21)
FN:769,(anonymous_22)
FNF:23
FNH:0
FNDA:0,(anonymous_0)
FNDA:0,(anonymous_1)
FNDA:0,(anonymous_2)
FNDA:0,(anonymous_3)
FNDA:0,(anonymous_4)
FNDA:0,(anonymous_5)
FNDA:0,(anonymous_6)
FNDA:0,(anonymous_7)
FNDA:0,(anonymous_8)
FNDA:0,(anonymous_9)
FNDA:0,(anonymous_10)
FNDA:0,(anonymous_11)
FNDA:0,(anonymous_12)
FNDA:0,(anonymous_13)
FNDA:0,(anonymous_14)
FNDA:0,(anonymous_15)
FNDA:0,(anonymous_16)
FNDA:0,(anonymous_17)
FNDA:0,(anonymous_18)
FNDA:0,(anonymous_19)
FNDA:0,(anonymous_20)
FNDA:0,(anonymous_21)
FNDA:0,(anonymous_22)
DA:13,5
DA:22,5
DA:24,0
DA:25,0
DA:28,5
DA:69,5
DA:78,0
DA:84,5
DA:94,5
DA:108,5
DA:132,5
DA:147,5
DA:155,0
DA:160,5
DA:178,0
DA:189,5
DA:207,5
DA:213,0
DA:221,5
DA:226,0
DA:232,5
DA:255,5
DA:269,5
DA:272,5
DA:275,5
DA:281,0
DA:282,0
DA:297,5
DA:314,5
DA:339,5
DA:367,5
DA:377,5
DA:384,5
DA:395,5
DA:418,5
DA:426,5
DA:440,5
DA:451,5
DA:470,5
DA:482,5
DA:491,5
DA:500,5
DA:510,5
DA:522,5
DA:530,5
DA:540,5
DA:547,5
DA:557,0
DA:563,5
DA:578,5
DA:605,5
DA:608,0
DA:614,5
DA:617,0
DA:624,5
DA:626,5
DA:631,0
DA:644,5
DA:647,0
DA:653,5
DA:656,5
DA:659,5
DA:662,5
DA:665,5
DA:672,0
DA:678,5
DA:687,5
DA:690,5
DA:698,5
DA:703,5
DA:708,5
DA:716,5
DA:717,0
DA:721,5
DA:726,0
DA:737,0
DA:738,0
DA:741,0
DA:749,5
DA:754,0
DA:765,0
DA:766,0
DA:769,0
LF:83
LH:59
BRDA:25,0,0,0
BRDA:25,0,1,0
BRDA:25,0,2,0
BRDA:78,1,0,0
BRDA:78,1,1,0
BRDA:155,2,0,0
BRDA:155,2,1,0
BRDA:226,3,0,0
BRDA:226,3,1,0
BRDA:226,4,0,0
BRDA:226,4,1,0
BRDA:282,5,0,0
BRDA:282,5,1,0
BRDA:282,5,2,0
BRDA:557,6,0,0
BRDA:557,6,1,0
BRDA:624,7,0,0
BRDA:624,7,1,0
BRDA:631,8,0,0
BRDA:631,8,1,0
BRDA:672,9,0,0
BRDA:672,9,1,0
BRDA:672,9,2,0
BRDA:726,10,0,0
BRDA:726,10,1,0
BRDA:738,11,0,0
BRDA:738,11,1,0
BRDA:754,12,0,0
BRDA:754,12,1,0
BRDA:766,13,0,0
BRDA:766,13,1,0
BRF:31
BRH:0
end_of_record
TN:
SF:src/middleware/admin-audit.ts
FN:10,getClientIp
FN:21,logAdminAudit
FN:52,auditLoggingMiddleware
FN:58,(anonymous_3)
FN:70,(anonymous_4)
FNF:5
FNH:0
FNDA:0,getClientIp
FNDA:0,logAdminAudit
FNDA:0,auditLoggingMiddleware
FNDA:0,(anonymous_3)
FNDA:0,(anonymous_4)
DA:11,0
DA:12,0
DA:13,0
DA:15,0
DA:32,0
DA:33,0
DA:44,0
DA:53,0
DA:54,0
DA:55,0
DA:56,0
DA:58,0
DA:59,0
DA:60,0
DA:62,0
DA:63,0
DA:71,0
DA:78,0
DA:81,0
LF:19
LH:0
BRDA:12,0,0,0
BRDA:12,0,1,0
BRDA:15,1,0,0
BRDA:15,1,1,0
BRDA:37,2,0,0
BRDA:37,2,1,0
BRDA:41,3,0,0
BRDA:41,3,1,0
BRDA:62,4,0,0
BRDA:62,4,1,0
BRDA:62,5,0,0
BRDA:62,5,1,0
BRDA:72,6,0,0
BRDA:72,6,1,0
BRF:14
BRH:0
end_of_record
TN:
SF:src/middleware/admin-auth.ts
FN:7,enforceMustChangePassword
FN:32,authenticateAdmin
FN:60,csrfProtection
FN:99,optionalAdminAuth
FNF:4
FNH:1
FNDA:0,enforceMustChangePassword
FNDA:0,authenticateAdmin
FNDA:2,csrfProtection
FNDA:0,optionalAdminAuth
DA:8,0
DA:33,0
DA:35,0
DA:36,0
DA:37,0
DA:40,0
DA:42,0
DA:43,0
DA:44,0
DA:45,0
DA:47,0
DA:51,0
DA:61,2
DA:62,0
DA:65,2
DA:66,2
DA:68,2
DA:69,0
DA:73,0
DA:76,2
DA:77,0
DA:81,0
DA:84,2
DA:85,2
DA:86,2
DA:88,0
DA:92,0
DA:100,0
DA:102,0
DA:103,0
DA:104,0
DA:105,0
DA:106,0
DA:108,0
DA:115,0
LF:35
LH:8
BRDA:35,0,0,0
BRDA:35,0,1,0
BRDA:35,1,0,0
BRDA:35,1,1,0
BRDA:61,2,0,0
BRDA:61,2,1,2
BRDA:68,3,0,0
BRDA:68,3,1,2
BRDA:68,4,0,2
BRDA:68,4,1,2
BRDA:76,5,0,0
BRDA:76,5,1,2
BRDA:102,6,0,0
BRDA:102,6,1,0
BRDA:102,7,0,0
BRDA:102,7,1,0
BRF:16
BRH:5
end_of_record
TN:
SF:src/middleware/auth.ts
FN:35,checkSessionRevocation
FN:69,(anonymous_1)
FN:98,verifyTokenFamily
FN:131,(anonymous_3)
FN:152,(anonymous_4)
FNF:5
FNH:2
FNDA:73,checkSessionRevocation
FNDA:0,(anonymous_1)
FNDA:73,verifyTokenFamily
FNDA:0,(anonymous_3)
FNDA:0,(anonymous_4)
DA:40,73
DA:41,73
DA:42,73
DA:43,73
DA:45,73
DA:46,18
DA:47,18
DA:50,55
DA:51,55
DA:53,55
DA:54,0
DA:55,0
DA:56,0
DA:65,0
DA:70,0
DA:73,0
DA:76,0
DA:79,55
DA:81,0
DA:82,0
DA:103,73
DA:104,73
DA:105,73
DA:106,73
DA:108,73
DA:109,18
DA:110,18
DA:113,55
DA:114,55
DA:115,0
DA:116,0
DA:119,55
DA:121,55
DA:122,55
DA:123,55
DA:126,0
DA:131,0
DA:132,0
DA:133,0
DA:135,0
DA:140,0
DA:148,0
DA:153,0
DA:159,0
DA:160,0
DA:163,0
DA:165,0
DA:166,0
LF:48
LH:24
BRDA:43,0,0,73
BRDA:43,0,1,73
BRDA:45,1,0,18
BRDA:45,1,1,55
BRDA:53,2,0,0
BRDA:53,2,1,55
BRDA:58,3,0,0
BRDA:58,3,1,0
BRDA:66,4,0,0
BRDA:66,4,1,0
BRDA:106,5,0,73
BRDA:106,5,1,73
BRDA:108,6,0,18
BRDA:108,6,1,55
BRDA:114,7,0,0
BRDA:114,7,1,55
BRDA:114,8,0,55
BRDA:114,8,1,55
BRDA:121,9,0,55
BRDA:121,9,1,0
BRDA:132,10,0,0
BRDA:132,10,1,0
BRDA:154,11,0,0
BRDA:154,11,1,0
BRF:24
BRH:13
end_of_record
TN:
SF:src/middleware/gpsSpoof.ts
FN:43,isEmulatorCoordinate
FN:70,gpsAntiSpoofMiddleware
FNF:2
FNH:0
FNDA:0,isEmulatorCoordinate
FNDA:0,gpsAntiSpoofMiddleware
DA:35,5
DA:41,5
DA:49,0
DA:50,0
DA:54,0
DA:55,0
DA:58,0
DA:59,0
DA:63,0
DA:67,0
DA:71,0
DA:78,0
DA:79,0
DA:82,0
DA:83,0
DA:84,0
DA:87,0
DA:88,0
DA:90,0
DA:95,0
DA:96,0
DA:100,0
DA:107,0
DA:111,0
DA:115,0
DA:116,0
DA:117,0
DA:118,0
DA:125,0
DA:129,0
DA:133,0
DA:134,0
DA:135,0
DA:136,0
DA:143,0
DA:147,0
DA:150,0
DA:151,0
LF:38
LH:2
BRDA:49,0,0,0
BRDA:49,0,1,0
BRDA:49,1,0,0
BRDA:49,1,1,0
BRDA:54,2,0,0
BRDA:54,2,1,0
BRDA:54,3,0,0
BRDA:54,3,1,0
BRDA:54,3,2,0
BRDA:59,4,0,0
BRDA:59,4,1,0
BRDA:60,5,0,0
BRDA:60,5,1,0
BRDA:82,6,0,0
BRDA:82,6,1,0
BRDA:82,7,0,0
BRDA:82,7,1,0
BRDA:82,7,2,0
BRDA:82,7,3,0
BRDA:82,7,4,0
BRDA:82,7,5,0
BRDA:88,8,0,0
BRDA:88,8,1,0
BRDA:88,8,2,0
BRDA:88,8,3,0
BRDA:90,9,0,0
BRDA:90,9,1,0
BRDA:95,10,0,0
BRDA:95,10,1,0
BRDA:95,11,0,0
BRDA:95,11,1,0
BRDA:103,12,0,0
BRDA:103,12,1,0
BRDA:115,13,0,0
BRDA:115,13,1,0
BRDA:116,14,0,0
BRDA:116,14,1,0
BRDA:121,15,0,0
BRDA:121,15,1,0
BRDA:134,16,0,0
BRDA:134,16,1,0
BRDA:139,17,0,0
BRDA:139,17,1,0
BRF:43
BRH:0
end_of_record
TN:
SF:src/middleware/idempotency.ts
FN:48,idempotency
FN:49,idempotencyMiddleware
FN:186,(anonymous_2)
FN:197,(anonymous_3)
FN:205,(anonymous_4)
FN:214,(anonymous_5)
FN:227,safeParseJson
FNF:7
FNH:1
FNDA:5,idempotency
FNDA:0,idempotencyMiddleware
FNDA:0,(anonymous_2)
FNDA:0,(anonymous_3)
FNDA:0,(anonymous_4)
FNDA:0,(anonymous_5)
FNDA:0,safeParseJson
DA:49,5
DA:55,0
DA:62,0
DA:63,0
DA:64,0
DA:67,0
DA:68,0
DA:69,0
DA:70,0
DA:73,0
DA:74,0
DA:76,0
DA:78,0
DA:84,0
DA:86,0
DA:97,0
DA:100,0
DA:106,0
DA:107,0
DA:111,0
DA:114,0
DA:116,0
DA:122,0
DA:128,0
DA:130,0
DA:142,0
DA:143,0
DA:147,0
DA:149,0
DA:150,0
DA:151,0
DA:152,0
DA:153,0
DA:155,0
DA:159,0
DA:162,0
DA:164,0
DA:167,0
DA:170,0
DA:171,0
DA:172,0
DA:173,0
DA:174,0
DA:175,0
DA:178,0
DA:181,0
DA:186,0
DA:187,0
DA:188,0
DA:198,0
DA:205,0
DA:206,0
DA:215,0
DA:219,0
DA:221,0
DA:222,0
DA:228,0
DA:229,0
DA:231,0
DA:238,0
LF:60
LH:1
BRDA:55,0,0,0
BRDA:55,0,1,0
BRDA:57,1,0,0
BRDA:57,1,1,0
BRDA:62,2,0,0
BRDA:62,2,1,0
BRDA:68,3,0,0
BRDA:68,3,1,0
BRDA:84,4,0,0
BRDA:84,4,1,0
BRDA:97,5,0,0
BRDA:97,5,1,0
BRDA:106,6,0,0
BRDA:106,6,1,0
BRDA:114,7,0,0
BRDA:114,7,1,0
BRDA:128,8,0,0
BRDA:128,8,1,0
BRDA:142,9,0,0
BRDA:142,9,1,0
BRDA:142,10,0,0
BRDA:142,10,1,0
BRDA:150,11,0,0
BRDA:150,11,1,0
BRDA:152,12,0,0
BRDA:152,12,1,0
BRDA:162,13,0,0
BRDA:162,13,1,0
BRDA:171,14,0,0
BRDA:171,14,1,0
BRDA:174,15,0,0
BRDA:174,15,1,0
BRDA:233,16,0,0
BRDA:233,16,1,0
BRF:34
BRH:0
end_of_record
TN:
SF:src/middleware/rate-limit.ts
FN:126,(anonymous_0)
FN:131,(anonymous_1)
FN:137,makeFallbackLimiter
FN:152,(anonymous_3)
FN:163,(anonymous_4)
FN:169,makeRedisSlidingLimiter
FN:180,(anonymous_6)
FN:227,(anonymous_7)
FN:231,(anonymous_8)
FN:270,createRateLimiter
FN:289,_makeOptions
FN:300,(anonymous_11)
FN:305,(anonymous_12)
FN:319,(anonymous_13)
FN:385,(anonymous_14)
FN:397,(anonymous_15)
FN:415,(anonymous_16)
FN:433,(anonymous_17)
FN:451,(anonymous_18)
FN:463,(anonymous_19)
FN:475,(anonymous_20)
FN:487,(anonymous_21)
FN:499,(anonymous_22)
FN:512,(anonymous_23)
FN:524,(anonymous_24)
FN:525,(anonymous_25)
FN:538,(anonymous_26)
FN:552,(anonymous_27)
FNF:28
FNH:9
FNDA:75,(anonymous_0)
FNDA:74,(anonymous_1)
FNDA:90,makeFallbackLimiter
FNDA:25,(anonymous_3)
FNDA:77,(anonymous_4)
FNDA:0,makeRedisSlidingLimiter
FNDA:0,(anonymous_6)
FNDA:0,(anonymous_7)
FNDA:0,(anonymous_8)
FNDA:90,createRateLimiter
FNDA:0,_makeOptions
FNDA:0,(anonymous_11)
FNDA:0,(anonymous_12)
FNDA:0,(anonymous_13)
FNDA:0,(anonymous_14)
FNDA:3,(anonymous_15)
FNDA:0,(anonymous_16)
FNDA:0,(anonymous_17)
FNDA:0,(anonymous_18)
FNDA:0,(anonymous_19)
FNDA:0,(anonymous_20)
FNDA:0,(anonymous_21)
FNDA:0,(anonymous_22)
FNDA:0,(anonymous_23)
FNDA:74,(anonymous_24)
FNDA:74,(anonymous_25)
FNDA:0,(anonymous_26)
FNDA:0,(anonymous_27)
DA:50,5
DA:119,5
DA:126,5
DA:127,75
DA:131,5
DA:132,74
DA:133,74
DA:138,90
DA:140,90
DA:141,0
DA:147,90
DA:153,25
DA:154,25
DA:163,77
DA:178,0
DA:180,0
DA:181,0
DA:182,0
DA:183,0
DA:186,0
DA:187,0
DA:188,0
DA:189,0
DA:191,0
DA:192,0
DA:203,0
DA:204,0
DA:205,0
DA:208,0
DA:209,0
DA:210,0
DA:212,0
DA:213,0
DA:214,0
DA:222,0
DA:226,0
DA:227,0
DA:228,0
DA:229,0
DA:232,0
DA:238,0
DA:241,0
DA:242,0
DA:271,90
DA:273,90
DA:274,0
DA:278,0
DA:281,90
DA:285,90
DA:295,0
DA:301,0
DA:302,0
DA:303,0
DA:306,0
DA:307,0
DA:310,0
DA:316,0
DA:320,0
DA:332,5
DA:333,5
DA:334,5
DA:339,5
DA:346,5
DA:349,5
DA:357,5
DA:368,5
DA:380,5
DA:385,0
DA:392,5
DA:398,3
DA:399,3
DA:400,2
DA:402,1
DA:410,5
DA:416,0
DA:417,0
DA:418,0
DA:420,0
DA:428,5
DA:434,0
DA:435,0
DA:436,0
DA:438,0
DA:446,5
DA:451,0
DA:458,5
DA:463,0
DA:470,5
DA:475,0
DA:482,5
DA:487,0
DA:494,5
DA:499,0
DA:507,5
DA:512,0
DA:519,5
DA:524,74
DA:525,74
DA:533,5
DA:538,0
DA:547,5
DA:552,0
LF:102
LH:44
BRDA:127,0,0,75
BRDA:127,0,1,75
BRDA:127,0,2,0
BRDA:132,1,0,74
BRDA:132,1,1,74
BRDA:132,1,2,74
BRDA:132,1,3,74
BRDA:133,2,0,0
BRDA:133,2,1,74
BRDA:138,3,0,90
BRDA:140,4,0,0
BRDA:140,4,1,90
BRDA:163,5,0,65
BRDA:163,5,1,25
BRDA:174,6,0,0
BRDA:176,7,0,0
BRDA:181,8,0,0
BRDA:181,8,1,0
BRDA:186,9,0,0
BRDA:186,9,1,0
BRDA:204,10,0,0
BRDA:204,10,1,0
BRDA:205,11,0,0
BRDA:205,11,1,0
BRDA:212,12,0,0
BRDA:212,12,1,0
BRDA:226,13,0,0
BRDA:226,13,1,0
BRDA:228,14,0,0
BRDA:228,14,1,0
BRDA:228,15,0,0
BRDA:228,15,1,0
BRDA:271,16,0,90
BRDA:273,17,0,0
BRDA:273,17,1,90
BRDA:301,18,0,0
BRDA:301,18,1,0
BRDA:306,19,0,0
BRDA:306,19,1,0
BRDA:341,20,0,5
BRDA:341,20,1,0
BRDA:351,21,0,5
BRDA:351,21,1,0
BRDA:398,22,0,3
BRDA:398,22,1,1
BRDA:399,23,0,2
BRDA:399,23,1,1
BRDA:399,24,0,3
BRDA:399,24,1,2
BRDA:399,24,2,2
BRDA:416,25,0,0
BRDA:416,25,1,0
BRDA:417,26,0,0
BRDA:417,26,1,0
BRDA:417,27,0,0
BRDA:417,27,1,0
BRDA:417,27,2,0
BRDA:435,28,0,0
BRDA:435,28,1,0
BRDA:435,29,0,0
BRDA:435,29,1,0
BRDA:435,29,2,0
BRDA:552,30,0,0
BRDA:552,30,1,0
BRF:64
BRH:22
end_of_record
TN:
SF:src/middleware/request-context.ts
FN:36,extractClientIp
FN:50,requestContextMiddleware
FN:68,(anonymous_2)
FN:76,setRequestUser
FNF:4
FNH:3
FNDA:100,extractClientIp
FNDA:100,requestContextMiddleware
FNDA:100,(anonymous_2)
FNDA:0,setRequestUser
DA:34,5
DA:37,100
DA:38,100
DA:39,100
DA:53,100
DA:54,100
DA:55,100
DA:58,100
DA:60,100
DA:68,100
DA:77,0
DA:78,0
DA:79,0
DA:80,0
LF:14
LH:10
BRDA:38,0,0,0
BRDA:38,0,1,100
BRDA:38,1,0,0
BRDA:38,1,1,0
BRDA:39,2,0,100
BRDA:39,2,1,0
BRDA:55,3,0,100
BRDA:55,3,1,0
BRDA:55,3,2,0
BRDA:78,4,0,0
BRDA:78,4,1,0
BRF:11
BRH:3
end_of_record
TN:
SF:src/middleware/require-permission.ts
FN:20,isSuper
FN:24,effectivePerms
FN:33,requirePermission
FN:35,(anonymous_3)
FN:57,requireAnyPermission
FN:59,(anonymous_5)
FN:66,(anonymous_6)
FN:80,requireAllPermissions
FN:82,(anonymous_8)
FN:89,(anonymous_9)
FNF:10
FNH:4
FNDA:2,isSuper
FNDA:0,effectivePerms
FNDA:390,requirePermission
FNDA:2,(anonymous_3)
FNDA:5,requireAnyPermission
FNDA:0,(anonymous_5)
FNDA:0,(anonymous_6)
FNDA:0,requireAllPermissions
FNDA:0,(anonymous_8)
FNDA:0,(anonymous_9)
DA:21,2
DA:25,0
DA:26,0
DA:28,0
DA:29,0
DA:30,0
DA:34,390
DA:35,390
DA:36,2
DA:37,0
DA:39,2
DA:41,0
DA:42,0
DA:43,0
DA:45,0
DA:47,0
DA:58,10
DA:59,5
DA:60,0
DA:61,0
DA:63,0
DA:64,0
DA:65,0
DA:66,0
DA:68,0
DA:70,0
DA:81,0
DA:82,0
DA:83,0
DA:84,0
DA:86,0
DA:87,0
DA:88,0
DA:89,0
DA:91,0
DA:93,0
LF:36
LH:7
BRDA:25,0,0,0
BRDA:25,0,1,0
BRDA:25,1,0,0
BRDA:25,1,1,0
BRDA:28,2,0,0
BRDA:28,2,1,0
BRDA:36,3,0,0
BRDA:36,3,1,2
BRDA:36,4,0,2
BRDA:36,4,1,0
BRDA:39,5,0,2
BRDA:39,5,1,0
BRDA:43,6,0,0
BRDA:43,6,1,0
BRDA:60,7,0,0
BRDA:60,7,1,0
BRDA:60,8,0,0
BRDA:60,8,1,0
BRDA:63,9,0,0
BRDA:63,9,1,0
BRDA:66,10,0,0
BRDA:66,10,1,0
BRDA:83,11,0,0
BRDA:83,11,1,0
BRDA:83,12,0,0
BRDA:83,12,1,0
BRDA:86,13,0,0
BRDA:86,13,1,0
BRDA:89,14,0,0
BRDA:89,14,1,0
BRF:30
BRH:3
end_of_record
TN:
SF:src/middleware/ride-guards.ts
FN:6,loadRide
FN:7,(anonymous_1)
FN:29,requireRideState
FN:30,(anonymous_3)
FN:69,requireRideOwner
FN:70,(anonymous_5)
FNF:6
FNH:4
FNDA:15,loadRide
FNDA:0,(anonymous_1)
FNDA:20,requireRideState
FNDA:1,(anonymous_3)
FNDA:35,requireRideOwner
FNDA:0,(anonymous_5)
DA:7,15
DA:8,0
DA:9,0
DA:10,0
DA:11,0
DA:14,0
DA:15,0
DA:16,0
DA:17,0
DA:18,0
DA:21,0
DA:22,0
DA:24,0
DA:30,20
DA:31,1
DA:33,1
DA:34,1
DA:35,1
DA:36,0
DA:37,0
DA:40,1
DA:41,1
DA:46,1
DA:47,1
DA:48,1
DA:50,0
DA:52,0
DA:53,0
DA:57,0
DA:58,0
DA:61,0
DA:64,0
DA:65,0
DA:70,35
DA:71,0
DA:72,0
DA:73,0
DA:74,0
DA:77,0
DA:78,0
DA:79,0
DA:80,0
DA:83,0
LF:43
LH:12
BRDA:8,0,0,0
BRDA:8,0,1,0
BRDA:9,1,0,0
BRDA:9,1,1,0
BRDA:16,2,0,0
BRDA:16,2,1,0
BRDA:33,3,0,1
BRDA:33,3,1,0
BRDA:34,4,0,1
BRDA:34,4,1,0
BRDA:35,5,0,0
BRDA:35,5,1,1
BRDA:46,6,0,1
BRDA:46,6,1,0
BRDA:57,7,0,0
BRDA:57,7,1,0
BRDA:72,8,0,0
BRDA:72,8,1,0
BRDA:77,9,0,0
BRDA:77,9,1,0
BRDA:78,10,0,0
BRDA:78,10,1,0
BRDA:78,11,0,0
BRDA:78,11,1,0
BRF:24
BRH:4
end_of_record
TN:
SF:src/middleware/sanitize.ts
FN:34,sanitizeValue
FN:43,(anonymous_1)
FN:56,sanitizeBody
FNF:3
FNH:3
FNDA:303,sanitizeValue
FNDA:227,(anonymous_1)
FNDA:100,sanitizeBody
DA:27,5
DA:28,5
DA:35,303
DA:36,154
DA:38,149
DA:39,0
DA:41,149
DA:42,76
DA:43,227
DA:46,73
DA:57,100
DA:58,76
DA:60,100
LF:13
LH:12
BRDA:35,0,0,154
BRDA:35,0,1,149
BRDA:38,1,0,0
BRDA:38,1,1,149
BRDA:41,2,0,76
BRDA:41,2,1,73
BRDA:41,3,0,149
BRDA:41,3,1,149
BRDA:57,4,0,76
BRDA:57,4,1,24
BRDA:57,5,0,100
BRDA:57,5,1,76
BRF:12
BRH:11
end_of_record
TN:
SF:src/middleware/security.ts
FN:26,getCachedSettings
FN:45,isAdminIpWhitelisted
FN:53,(anonymous_2)
FN:64,(anonymous_3)
FN:65,(anonymous_4)
FN:81,(anonymous_5)
FN:82,(anonymous_6)
FN:93,resolveJwtSecret
FN:117,safeInt
FN:122,getRefreshTokenTtlDays
FN:126,getAccessTokenTtlSec
FN:136,(anonymous_11)
FN:200,refreshTorExitNodes
FN:219,(anonymous_13)
FN:220,(anonymous_14)
FN:237,(anonymous_15)
FN:238,(anonymous_16)
FN:244,(anonymous_17)
FN:245,(anonymous_18)
FN:254,_isTorExitNode
FN:259,(anonymous_20)
FN:283,getVpnCircuitBreakerStatus
FN:296,_isVpnOrProxy
FN:393,loadBlockedIPs
FN:404,(anonymous_24)
FN:408,blockIP
FN:425,unblockIP
FN:437,isIPBlocked
FN:458,getBlockedIPList
FN:464,(anonymous_29)
FN:476,getActiveLockouts
FN:486,(anonymous_31)
FN:492,(anonymous_32)
FN:544,getClientIp
FN:555,addAuditEntry
FN:575,(anonymous_35)
FN:583,addSecurityEvent
FN:590,(anonymous_37)
FN:591,(anonymous_38)
FN:594,(anonymous_39)
FN:602,(anonymous_40)
FN:611,(anonymous_41)
FN:623,writeAuthAuditLog
FN:663,signUserJwt
FN:691,signAccessToken
FN:710,blacklistJti
FN:730,blacklistSessionHash
FN:748,isSessionHashBlacklisted
FN:767,isJtiBlacklisted
FN:799,setUserRevocationTimestamp
FN:820,isTokenIssuedBeforeRevocation
FN:842,sign2faChallengeToken
FN:864,verify2faChallengeToken
FN:889,generateRefreshToken
FN:895,hashRefreshToken
FN:899,verifyUserJwt
FN:935,decodeUserToken
FN:952,isTokenExpired
FN:961,invalidateSettingsCache
FN:969,isRefreshTokenValid
FN:995,revokeRefreshToken
FN:1006,revokeAllUserRefreshTokens
FN:1024,checkLockout
FN:1054,recordFailedAttempt
FN:1097,resetAttempts
FN:1108,unlockPhone
FN:1119,checkAvailableRateLimit
FN:1181,detectGPSSpoof
FN:1225,customerAuth
FN:1249,riderAuth
FN:1273,anyUserAuth
FN:1306,idorGuard
FN:1331,requireFeatureEnabled
FN:1332,(anonymous_73)
FN:1366,requireRole
FN:1370,(anonymous_75)
FN:1426,verifyCaptcha
FNF:77
FNH:20
FNDA:55,getCachedSettings
FNDA:0,isAdminIpWhitelisted
FNDA:0,(anonymous_2)
FNDA:0,(anonymous_3)
FNDA:0,(anonymous_4)
FNDA:5,(anonymous_5)
FNDA:0,(anonymous_6)
FNDA:5,resolveJwtSecret
FNDA:0,safeInt
FNDA:0,getRefreshTokenTtlDays
FNDA:0,getAccessTokenTtlSec
FNDA:5,(anonymous_11)
FNDA:5,refreshTorExitNodes
FNDA:6365,(anonymous_13)
FNDA:6365,(anonymous_14)
FNDA:5,(anonymous_15)
FNDA:0,(anonymous_16)
FNDA:0,(anonymous_17)
FNDA:0,(anonymous_18)
FNDA:0,_isTorExitNode
FNDA:0,(anonymous_20)
FNDA:3,getVpnCircuitBreakerStatus
FNDA:0,_isVpnOrProxy
FNDA:5,loadBlockedIPs
FNDA:0,(anonymous_24)
FNDA:0,blockIP
FNDA:0,unblockIP
FNDA:0,isIPBlocked
FNDA:0,getBlockedIPList
FNDA:0,(anonymous_29)
FNDA:0,getActiveLockouts
FNDA:0,(anonymous_31)
FNDA:0,(anonymous_32)
FNDA:12,getClientIp
FNDA:3,addAuditEntry
FNDA:3,(anonymous_35)
FNDA:0,addSecurityEvent
FNDA:0,(anonymous_37)
FNDA:0,(anonymous_38)
FNDA:0,(anonymous_39)
FNDA:0,(anonymous_40)
FNDA:0,(anonymous_41)
FNDA:0,writeAuthAuditLog
FNDA:4,signUserJwt
FNDA:0,signAccessToken
FNDA:0,blacklistJti
FNDA:0,blacklistSessionHash
FNDA:55,isSessionHashBlacklisted
FNDA:0,isJtiBlacklisted
FNDA:0,setUserRevocationTimestamp
FNDA:0,isTokenIssuedBeforeRevocation
FNDA:0,sign2faChallengeToken
FNDA:0,verify2faChallengeToken
FNDA:0,generateRefreshToken
FNDA:0,hashRefreshToken
FNDA:87,verifyUserJwt
FNDA:0,decodeUserToken
FNDA:0,isTokenExpired
FNDA:0,invalidateSettingsCache
FNDA:0,isRefreshTokenValid
FNDA:0,revokeRefreshToken
FNDA:0,revokeAllUserRefreshTokens
FNDA:0,checkLockout
FNDA:0,recordFailedAttempt
FNDA:0,resetAttempts
FNDA:0,unlockPhone
FNDA:0,checkAvailableRateLimit
FNDA:0,detectGPSSpoof
FNDA:39,customerAuth
FNDA:0,riderAuth
FNDA:0,anyUserAuth
FNDA:0,idorGuard
FNDA:5,requireFeatureEnabled
FNDA:0,(anonymous_73)
FNDA:65,requireRole
FNDA:0,(anonymous_75)
FNDA:3,verifyCaptcha
DA:22,5
DA:23,5
DA:24,5
DA:27,55
DA:28,55
DA:29,50
DA:31,5
DA:32,5
DA:33,5
DA:34,5
DA:35,0
DA:37,5
DA:38,5
DA:40,0
DA:42,5
DA:46,0
DA:47,0
DA:48,0
DA:49,0
DA:50,0
DA:51,0
DA:53,0
DA:55,0
DA:56,0
DA:57,0
DA:58,0
DA:59,0
DA:61,0
DA:62,0
DA:63,0
DA:64,0
DA:65,0
DA:66,0
DA:67,0
DA:68,0
DA:70,0
DA:72,0
DA:76,0
DA:81,5
DA:82,5
DA:83,0
DA:94,5
DA:95,5
DA:96,0
DA:99,0
DA:100,0
DA:101,0
DA:103,0
DA:107,0
DA:109,5
DA:111,5
DA:114,5
DA:115,5
DA:118,0
DA:119,0
DA:123,0
DA:127,0
DA:133,5
DA:136,5
DA:137,5
DA:138,5
DA:139,0
DA:142,0
DA:143,0
DA:144,0
DA:146,0
DA:150,0
DA:152,5
DA:170,5
DA:196,5
DA:197,5
DA:198,5
DA:201,5
DA:202,5
DA:205,5
DA:206,0
DA:207,0
DA:208,0
DA:214,0
DA:216,5
DA:217,5
DA:219,6365
DA:220,6365
DA:221,5
DA:222,5
DA:223,5
DA:225,0
DA:226,0
DA:227,0
DA:237,5
DA:238,5
DA:239,0
DA:244,5
DA:245,0
DA:246,0
DA:257,0
DA:259,0
DA:260,0
DA:266,0
DA:272,5
DA:273,5
DA:276,5
DA:277,5
DA:278,5
DA:279,5
DA:280,5
DA:288,3
DA:289,3
DA:297,0
DA:298,0
DA:299,0
DA:302,0
DA:310,0
DA:314,0
DA:315,0
DA:316,0
DA:317,0
DA:319,0
DA:320,0
DA:323,0
DA:324,0
DA:330,0
DA:331,0
DA:332,0
DA:333,0
DA:334,0
DA:344,0
DA:350,0
DA:357,0
DA:358,0
DA:359,0
DA:361,0
DA:362,0
DA:364,0
DA:365,0
DA:366,0
DA:367,0
DA:368,0
DA:378,0
DA:384,0
DA:391,5
DA:394,5
DA:395,5
DA:399,5
DA:401,0
DA:404,5
DA:405,0
DA:409,0
DA:410,0
DA:411,0
DA:421,0
DA:426,0
DA:427,0
DA:428,0
DA:430,0
DA:438,0
DA:439,0
DA:440,0
DA:445,0
DA:446,0
DA:447,0
DA:450,0
DA:455,0
DA:459,0
DA:460,0
DA:464,0
DA:465,0
DA:466,0
DA:468,0
DA:472,0
DA:479,0
DA:480,0
DA:481,0
DA:485,0
DA:488,0
DA:493,0
DA:495,0
DA:498,0
DA:506,0
DA:513,0
DA:529,5
DA:539,5
DA:545,12
DA:556,3
DA:557,3
DA:558,3
DA:559,3
DA:562,3
DA:576,3
DA:584,0
DA:585,0
DA:586,0
DA:588,0
DA:590,0
DA:593,0
DA:594,0
DA:603,0
DA:612,0
DA:632,0
DA:633,0
DA:642,0
DA:670,4
DA:698,0
DA:699,0
DA:711,0
DA:712,0
DA:713,0
DA:714,0
DA:715,0
DA:717,0
DA:731,0
DA:732,0
DA:733,0
DA:734,0
DA:735,0
DA:737,0
DA:749,55
DA:750,55
DA:751,55
DA:752,0
DA:753,0
DA:755,0
DA:759,0
DA:768,0
DA:769,0
DA:770,0
DA:771,0
DA:772,0
DA:774,0
DA:781,0
DA:800,0
DA:801,0
DA:802,0
DA:803,0
DA:804,0
DA:806,0
DA:824,0
DA:825,0
DA:826,0
DA:827,0
DA:828,0
DA:829,0
DA:831,0
DA:838,0
DA:849,0
DA:865,0
DA:866,0
DA:867,0
DA:868,0
DA:869,0
DA:877,0
DA:884,0
DA:890,0
DA:891,0
DA:892,0
DA:896,0
DA:900,87
DA:901,87
DA:902,87
DA:904,87
DA:906,87
DA:907,87
DA:908,0
DA:911,87
DA:923,0
DA:930,0
DA:938,0
DA:939,0
DA:940,0
DA:941,0
DA:953,0
DA:954,0
DA:955,0
DA:962,0
DA:963,0
DA:972,0
DA:973,0
DA:980,0
DA:981,0
DA:982,0
DA:984,0
DA:991,0
DA:996,0
DA:997,0
DA:1002,0
DA:1010,0
DA:1011,0
DA:1015,0
DA:1017,0
DA:1029,0
DA:1030,0
DA:1035,0
DA:1036,0
DA:1037,0
DA:1038,0
DA:1039,0
DA:1041,0
DA:1043,0
DA:1050,0
DA:1059,0
DA:1060,0
DA:1061,0
DA:1062,0
DA:1064,0
DA:1070,0
DA:1071,0
DA:1072,0
DA:1076,0
DA:1090,0
DA:1092,0
DA:1093,0
DA:1098,0
DA:1099,0
DA:1104,0
DA:1109,0
DA:1110,0
DA:1115,0
DA:1124,0
DA:1125,0
DA:1126,0
DA:1132,0
DA:1133,0
DA:1135,0
DA:1136,0
DA:1143,0
DA:1146,0
DA:1147,0
DA:1148,0
DA:1152,0
DA:1155,0
DA:1156,0
DA:1161,0
DA:1162,0
DA:1163,0
DA:1165,0
DA:1167,0
DA:1174,0
DA:1189,0
DA:1190,0
DA:1191,0
DA:1192,0
DA:1194,0
DA:1199,0
DA:1201,0
DA:1202,0
DA:1204,0
DA:1206,0
DA:1207,0
DA:1209,0
DA:1216,0
DA:1226,39
DA:1227,39
DA:1228,39
DA:1230,39
DA:1231,11
DA:1232,11
DA:1235,28
DA:1236,28
DA:1237,0
DA:1238,0
DA:1241,28
DA:1242,28
DA:1243,28
DA:1244,28
DA:1245,28
DA:1250,0
DA:1251,0
DA:1252,0
DA:1254,0
DA:1255,0
DA:1256,0
DA:1259,0
DA:1260,0
DA:1261,0
DA:1262,0
DA:1265,0
DA:1266,0
DA:1267,0
DA:1268,0
DA:1269,0
DA:1274,0
DA:1275,0
DA:1276,0
DA:1278,0
DA:1279,0
DA:1280,0
DA:1283,0
DA:1284,0
DA:1285,0
DA:1286,0
DA:1289,0
DA:1290,0
DA:1291,0
DA:1293,0
DA:1294,0
DA:1295,0
DA:1296,0
DA:1298,0
DA:1307,0
DA:1308,0
DA:1309,0
DA:1312,0
DA:1313,0
DA:1314,0
DA:1315,0
DA:1318,0
DA:1319,0
DA:1320,0
DA:1321,0
DA:1322,0
DA:1325,0
DA:1332,5
DA:1333,0
DA:1334,0
DA:1335,0
DA:1340,0
DA:1344,0
DA:1347,0
DA:1352,0
DA:1370,65
DA:1371,0
DA:1372,0
DA:1373,0
DA:1375,0
DA:1376,0
DA:1377,0
DA:1380,0
DA:1381,0
DA:1382,0
DA:1383,0
DA:1386,0
DA:1387,0
DA:1388,0
DA:1389,0
DA:1392,0
DA:1393,0
DA:1394,0
DA:1396,0
DA:1397,0
DA:1398,0
DA:1400,0
DA:1401,0
DA:1402,0
DA:1403,0
DA:1404,0
DA:1405,0
DA:1410,0
DA:1411,0
DA:1412,0
DA:1415,0
DA:1422,0
DA:1432,3
DA:1433,3
DA:1434,3
DA:1435,3
DA:1441,0
DA:1444,0
DA:1449,3
DA:1450,0
DA:1451,0
DA:1454,0
DA:1457,0
DA:1458,0
DA:1461,0
DA:1463,0
DA:1464,0
DA:1468,3
DA:1469,3
DA:1474,0
DA:1476,0
DA:1477,0
DA:1478,0
DA:1482,0
DA:1487,0
DA:1490,0
DA:1496,0
DA:1500,0
DA:1504,0
DA:1509,0
DA:1512,0
DA:1517,0
LF:481
LH:99
BRDA:28,0,0,50
BRDA:28,0,1,5
BRDA:28,1,0,55
BRDA:28,1,1,50
BRDA:35,2,0,0
BRDA:35,2,1,0
BRDA:48,3,0,0
BRDA:48,3,1,0
BRDA:49,4,0,0
BRDA:49,4,1,0
BRDA:50,5,0,0
BRDA:50,5,1,0
BRDA:57,6,0,0
BRDA:57,6,1,0
BRDA:58,7,0,0
BRDA:58,7,1,0
BRDA:63,8,0,0
BRDA:63,8,1,0
BRDA:66,9,0,0
BRDA:66,9,1,0
BRDA:67,10,0,0
BRDA:67,10,1,0
BRDA:73,11,0,0
BRDA:73,11,1,0
BRDA:84,12,0,0
BRDA:84,12,1,0
BRDA:95,13,0,0
BRDA:95,13,1,5
BRDA:95,14,0,5
BRDA:95,14,1,5
BRDA:96,15,0,0
BRDA:96,15,1,0
BRDA:99,16,0,0
BRDA:99,16,1,0
BRDA:99,17,0,0
BRDA:99,17,1,0
BRDA:107,18,0,0
BRDA:107,18,1,0
BRDA:117,19,0,0
BRDA:118,20,0,0
BRDA:118,20,1,0
BRDA:119,21,0,0
BRDA:119,21,1,0
BRDA:138,22,0,0
BRDA:138,22,1,5
BRDA:138,23,0,5
BRDA:138,23,1,5
BRDA:139,24,0,0
BRDA:139,24,1,0
BRDA:142,25,0,0
BRDA:142,25,1,0
BRDA:142,26,0,0
BRDA:142,26,1,0
BRDA:150,27,0,0
BRDA:150,27,1,0
BRDA:205,28,0,0
BRDA:205,28,1,5
BRDA:220,29,0,6365
BRDA:220,29,1,6360
BRDA:225,30,0,0
BRDA:225,30,1,0
BRDA:240,31,0,0
BRDA:240,31,1,0
BRDA:247,32,0,0
BRDA:247,32,1,0
BRDA:257,33,0,0
BRDA:257,33,1,0
BRDA:257,34,0,0
BRDA:257,34,1,0
BRDA:261,35,0,0
BRDA:261,35,1,0
BRDA:288,36,0,3
BRDA:288,36,1,0
BRDA:290,37,0,0
BRDA:290,37,1,3
BRDA:292,38,0,0
BRDA:292,38,1,3
BRDA:298,39,0,0
BRDA:298,39,1,0
BRDA:298,40,0,0
BRDA:298,40,1,0
BRDA:302,41,0,0
BRDA:302,41,1,0
BRDA:303,42,0,0
BRDA:303,42,1,0
BRDA:303,42,2,0
BRDA:303,42,3,0
BRDA:303,42,4,0
BRDA:303,42,5,0
BRDA:314,43,0,0
BRDA:314,43,1,0
BRDA:314,44,0,0
BRDA:314,44,1,0
BRDA:317,45,0,0
BRDA:317,45,1,0
BRDA:330,46,0,0
BRDA:330,46,1,0
BRDA:333,47,0,0
BRDA:333,47,1,0
BRDA:339,48,0,0
BRDA:339,48,1,0
BRDA:358,49,0,0
BRDA:358,49,1,0
BRDA:358,49,2,0
BRDA:364,50,0,0
BRDA:364,50,1,0
BRDA:367,51,0,0
BRDA:367,51,1,0
BRDA:373,52,0,0
BRDA:373,52,1,0
BRDA:431,53,0,0
BRDA:431,53,1,0
BRDA:438,54,0,0
BRDA:438,54,1,0
BRDA:445,55,0,0
BRDA:445,55,1,0
BRDA:451,56,0,0
BRDA:451,56,1,0
BRDA:469,57,0,0
BRDA:469,57,1,0
BRDA:488,58,0,0
BRDA:488,58,1,0
BRDA:488,58,2,0
BRDA:493,59,0,0
BRDA:493,59,1,0
BRDA:495,60,0,0
BRDA:495,60,1,0
BRDA:495,61,0,0
BRDA:495,61,1,0
BRDA:501,62,0,0
BRDA:501,62,1,0
BRDA:508,63,0,0
BRDA:508,63,1,0
BRDA:546,64,0,12
BRDA:546,64,1,12
BRDA:546,64,2,0
BRDA:556,65,0,0
BRDA:556,65,1,3
BRDA:559,66,0,0
BRDA:559,66,1,3
BRDA:565,67,0,3
BRDA:565,67,1,0
BRDA:566,68,0,3
BRDA:566,68,1,1
BRDA:570,69,0,3
BRDA:570,69,1,0
BRDA:571,70,0,3
BRDA:571,70,1,2
BRDA:572,71,0,3
BRDA:572,71,1,3
BRDA:573,72,0,3
BRDA:573,72,1,3
BRDA:586,73,0,0
BRDA:586,73,1,0
BRDA:598,74,0,0
BRDA:598,74,1,0
BRDA:613,75,0,0
BRDA:613,75,1,0
BRDA:625,76,0,0
BRDA:635,77,0,0
BRDA:635,77,1,0
BRDA:637,78,0,0
BRDA:637,78,1,0
BRDA:638,79,0,0
BRDA:638,79,1,0
BRDA:639,80,0,0
BRDA:639,80,1,0
BRDA:643,81,0,0
BRDA:643,81,1,0
BRDA:696,82,0,0
BRDA:713,83,0,0
BRDA:713,83,1,0
BRDA:718,84,0,0
BRDA:718,84,1,0
BRDA:733,85,0,0
BRDA:733,85,1,0
BRDA:734,86,0,0
BRDA:734,86,1,0
BRDA:738,87,0,0
BRDA:738,87,1,0
BRDA:751,88,0,55
BRDA:751,88,1,0
BRDA:756,89,0,0
BRDA:756,89,1,0
BRDA:770,90,0,0
BRDA:770,90,1,0
BRDA:776,91,0,0
BRDA:776,91,1,0
BRDA:802,92,0,0
BRDA:802,92,1,0
BRDA:807,93,0,0
BRDA:807,93,1,0
BRDA:826,94,0,0
BRDA:826,94,1,0
BRDA:828,95,0,0
BRDA:828,95,1,0
BRDA:833,96,0,0
BRDA:833,96,1,0
BRDA:850,97,0,0
BRDA:850,97,1,0
BRDA:867,98,0,0
BRDA:867,98,1,0
BRDA:868,99,0,0
BRDA:868,99,1,0
BRDA:871,100,0,0
BRDA:871,100,1,0
BRDA:872,101,0,0
BRDA:872,101,1,0
BRDA:873,102,0,0
BRDA:873,102,1,0
BRDA:874,103,0,0
BRDA:874,103,1,0
BRDA:879,104,0,0
BRDA:879,104,1,0
BRDA:902,105,0,0
BRDA:902,105,1,87
BRDA:904,106,0,0
BRDA:904,106,1,87
BRDA:907,107,0,0
BRDA:907,107,1,87
BRDA:907,108,0,87
BRDA:907,108,1,87
BRDA:913,109,0,87
BRDA:913,109,1,1
BRDA:914,110,0,87
BRDA:914,110,1,0
BRDA:915,111,0,87
BRDA:915,111,1,1
BRDA:917,112,0,0
BRDA:917,112,1,87
BRDA:918,113,0,0
BRDA:918,113,1,87
BRDA:919,114,0,87
BRDA:919,114,1,0
BRDA:920,115,0,87
BRDA:920,115,1,0
BRDA:925,116,0,0
BRDA:925,116,1,0
BRDA:939,117,0,0
BRDA:939,117,1,0
BRDA:941,118,0,0
BRDA:941,118,1,0
BRDA:953,119,0,0
BRDA:953,119,1,0
BRDA:980,120,0,0
BRDA:980,120,1,0
BRDA:981,121,0,0
BRDA:981,121,1,0
BRDA:986,122,0,0
BRDA:986,122,1,0
BRDA:995,123,0,0
BRDA:1008,124,0,0
BRDA:1035,125,0,0
BRDA:1035,125,1,0
BRDA:1037,126,0,0
BRDA:1037,126,1,0
BRDA:1045,127,0,0
BRDA:1045,127,1,0
BRDA:1062,128,0,0
BRDA:1062,128,1,0
BRDA:1070,129,0,0
BRDA:1070,129,1,0
BRDA:1072,130,0,0
BRDA:1072,130,1,0
BRDA:1074,131,0,0
BRDA:1074,131,1,0
BRDA:1082,132,0,0
BRDA:1082,132,1,0
BRDA:1135,133,0,0
BRDA:1135,133,1,0
BRDA:1147,134,0,0
BRDA:1147,134,1,0
BRDA:1161,135,0,0
BRDA:1161,135,1,0
BRDA:1169,136,0,0
BRDA:1169,136,1,0
BRDA:1201,137,0,0
BRDA:1201,137,1,0
BRDA:1204,138,0,0
BRDA:1204,138,1,0
BRDA:1211,139,0,0
BRDA:1211,139,1,0
BRDA:1228,140,0,39
BRDA:1228,140,1,39
BRDA:1228,141,0,28
BRDA:1228,141,1,11
BRDA:1230,142,0,11
BRDA:1230,142,1,28
BRDA:1236,143,0,0
BRDA:1236,143,1,28
BRDA:1252,144,0,0
BRDA:1252,144,1,0
BRDA:1252,145,0,0
BRDA:1252,145,1,0
BRDA:1254,146,0,0
BRDA:1254,146,1,0
BRDA:1260,147,0,0
BRDA:1260,147,1,0
BRDA:1276,148,0,0
BRDA:1276,148,1,0
BRDA:1276,149,0,0
BRDA:1276,149,1,0
BRDA:1278,150,0,0
BRDA:1278,150,1,0
BRDA:1284,151,0,0
BRDA:1284,151,1,0
BRDA:1293,152,0,0
BRDA:1293,152,1,0
BRDA:1294,153,0,0
BRDA:1294,153,1,0
BRDA:1295,154,0,0
BRDA:1295,154,1,0
BRDA:1296,155,0,0
BRDA:1296,155,1,0
BRDA:1307,156,0,0
BRDA:1307,156,1,0
BRDA:1312,157,0,0
BRDA:1312,157,1,0
BRDA:1312,157,2,0
BRDA:1313,158,0,0
BRDA:1313,158,1,0
BRDA:1318,159,0,0
BRDA:1318,159,1,0
BRDA:1319,160,0,0
BRDA:1319,160,1,0
BRDA:1319,161,0,0
BRDA:1319,161,1,0
BRDA:1335,162,0,0
BRDA:1335,162,1,0
BRDA:1336,163,0,0
BRDA:1336,163,1,0
BRDA:1336,163,2,0
BRDA:1341,164,0,0
BRDA:1341,164,1,0
BRDA:1348,165,0,0
BRDA:1348,165,1,0
BRDA:1373,166,0,0
BRDA:1373,166,1,0
BRDA:1373,167,0,0
BRDA:1373,167,1,0
BRDA:1375,168,0,0
BRDA:1375,168,1,0
BRDA:1381,169,0,0
BRDA:1381,169,1,0
BRDA:1386,170,0,0
BRDA:1386,170,1,0
BRDA:1387,171,0,0
BRDA:1387,171,1,0
BRDA:1387,172,0,0
BRDA:1387,172,1,0
BRDA:1396,173,0,0
BRDA:1396,173,1,0
BRDA:1397,174,0,0
BRDA:1397,174,1,0
BRDA:1398,175,0,0
BRDA:1398,175,1,0
BRDA:1400,176,0,0
BRDA:1400,176,1,0
BRDA:1400,177,0,0
BRDA:1400,177,1,0
BRDA:1410,178,0,0
BRDA:1410,178,1,0
BRDA:1410,179,0,0
BRDA:1410,179,1,0
BRDA:1416,180,0,0
BRDA:1416,180,1,0
BRDA:1432,181,0,3
BRDA:1432,181,1,3
BRDA:1433,182,0,3
BRDA:1433,182,1,0
BRDA:1444,183,0,0
BRDA:1444,183,1,0
BRDA:1444,183,2,0
BRDA:1444,183,3,0
BRDA:1449,184,0,0
BRDA:1449,184,1,3
BRDA:1450,185,0,0
BRDA:1450,185,1,0
BRDA:1464,186,0,0
BRDA:1464,186,1,0
BRDA:1476,187,0,0
BRDA:1476,187,1,0
BRDA:1477,188,0,0
BRDA:1477,188,1,0
BRDA:1496,189,0,0
BRDA:1496,189,1,0
BRDA:1501,190,0,0
BRDA:1501,190,1,0
BRDA:1513,191,0,0
BRDA:1513,191,1,0
BRF:390
BRH:56
end_of_record
TN:
SF:src/middleware/suspiciousPatternDetector.ts
FN:34,ensureCleanup
FN:36,(anonymous_1)
FN:50,redisIncrCounter
FN:72,fallbackIncrCounter
FN:85,firePatternAlert
FN:152,(anonymous_5)
FN:158,suspiciousPatternDetector
FN:160,(anonymous_7)
FN:170,(anonymous_8)
FN:188,(anonymous_9)
FN:196,(anonymous_10)
FN:204,(anonymous_11)
FN:216,(anonymous_12)
FN:224,(anonymous_13)
FNF:14
FNH:6
FNDA:9,ensureCleanup
FNDA:0,(anonymous_1)
FNDA:9,redisIncrCounter
FNDA:9,fallbackIncrCounter
FNDA:0,firePatternAlert
FNDA:0,(anonymous_5)
FNDA:99,suspiciousPatternDetector
FNDA:289,(anonymous_7)
FNDA:9,(anonymous_8)
FNDA:0,(anonymous_9)
FNDA:0,(anonymous_10)
FNDA:0,(anonymous_11)
FNDA:0,(anonymous_12)
FNDA:0,(anonymous_13)
DA:21,5
DA:29,5
DA:30,5
DA:32,5
DA:35,9
DA:36,2
DA:37,0
DA:38,0
DA:39,0
DA:42,2
DA:43,2
DA:51,9
DA:52,9
DA:53,9
DA:55,0
DA:56,0
DA:57,0
DA:59,0
DA:61,0
DA:63,0
DA:67,0
DA:73,9
DA:74,9
DA:75,9
DA:76,2
DA:77,2
DA:79,7
DA:81,9
DA:82,9
DA:91,0
DA:92,0
DA:93,0
DA:95,0
DA:96,0
DA:97,0
DA:99,0
DA:100,0
DA:104,0
DA:106,0
DA:107,0
DA:137,0
DA:138,0
DA:140,0
DA:143,0
DA:144,0
DA:145,0
DA:148,0
DA:153,0
DA:159,99
DA:160,289
DA:161,99
DA:162,90
DA:163,90
DA:166,9
DA:169,9
DA:171,9
DA:173,9
DA:174,9
DA:179,9
DA:180,0
DA:181,0
DA:187,0
DA:188,0
DA:189,0
DA:197,0
DA:202,0
DA:203,0
DA:205,0
DA:209,0
DA:210,0
DA:211,0
DA:212,0
DA:216,0
DA:217,0
DA:225,0
DA:232,9
LF:76
LH:31
BRDA:35,0,0,7
BRDA:35,0,1,2
BRDA:39,1,0,0
BRDA:39,1,1,0
BRDA:42,2,0,2
BRDA:42,2,1,0
BRDA:42,3,0,2
BRDA:42,3,1,2
BRDA:42,3,2,2
BRDA:53,4,0,9
BRDA:53,4,1,0
BRDA:57,5,0,0
BRDA:57,5,1,0
BRDA:64,6,0,0
BRDA:64,6,1,0
BRDA:75,7,0,2
BRDA:75,7,1,7
BRDA:75,8,0,9
BRDA:75,8,1,7
BRDA:91,9,0,0
BRDA:91,9,1,0
BRDA:95,10,0,0
BRDA:95,10,1,0
BRDA:96,11,0,0
BRDA:96,11,1,0
BRDA:99,12,0,0
BRDA:99,12,1,0
BRDA:100,13,0,0
BRDA:100,13,1,0
BRDA:100,13,2,0
BRDA:104,14,0,0
BRDA:104,14,1,0
BRDA:124,15,0,0
BRDA:124,15,1,0
BRDA:133,16,0,0
BRDA:133,16,1,0
BRDA:143,17,0,0
BRDA:143,17,1,0
BRDA:144,18,0,0
BRDA:144,18,1,0
BRDA:161,19,0,90
BRDA:161,19,1,9
BRDA:171,20,0,0
BRDA:171,20,1,9
BRDA:176,21,0,9
BRDA:176,21,1,9
BRDA:179,22,0,0
BRDA:179,22,1,9
BRDA:190,23,0,0
BRDA:190,23,1,0
BRDA:198,24,0,0
BRDA:198,24,1,0
BRDA:207,25,0,0
BRDA:207,25,1,0
BRDA:209,26,0,0
BRDA:209,26,1,0
BRDA:218,27,0,0
BRDA:218,27,1,0
BRDA:226,28,0,0
BRDA:226,28,1,0
BRF:60
BRH:17
end_of_record
TN:
SF:src/middleware/validate.ts
FN:16,(anonymous_0)
FN:17,(anonymous_1)
FN:28,validate
FN:30,(anonymous_3)
FN:67,(anonymous_4)
FN:96,validateBody
FN:100,validateQuery
FN:104,validateParams
FNF:8
FNH:6
FNDA:3,(anonymous_0)
FNDA:3,(anonymous_1)
FNDA:375,validate
FNDA:5,(anonymous_3)
FNDA:0,(anonymous_4)
FNDA:370,validateBody
FNDA:5,validateQuery
FNDA:0,validateParams
DA:16,5
DA:17,3
DA:22,5
DA:29,375
DA:30,375
DA:31,5
DA:32,4
DA:33,4
DA:34,3
DA:38,3
DA:45,3
DA:47,1
DA:50,2
DA:51,1
DA:52,1
DA:53,0
DA:57,0
DA:64,0
DA:66,1
DA:67,1
DA:68,0
DA:70,1
DA:73,2
DA:74,0
DA:75,0
DA:76,0
DA:80,0
DA:87,0
DA:89,0
DA:92,2
DA:97,370
DA:101,5
DA:105,0
LF:33
LH:22
BRDA:18,0,0,3
BRDA:18,0,1,0
BRDA:28,1,0,375
BRDA:29,2,0,375
BRDA:29,2,1,365
BRDA:31,3,0,4
BRDA:31,3,1,1
BRDA:33,4,0,3
BRDA:33,4,1,1
BRDA:50,5,0,1
BRDA:50,5,1,1
BRDA:52,6,0,0
BRDA:52,6,1,1
BRDA:68,7,0,0
BRDA:68,7,1,0
BRDA:73,8,0,0
BRDA:73,8,1,2
BRDA:75,9,0,0
BRDA:75,9,1,0
BRDA:96,10,0,370
BRDA:100,11,0,5
BRDA:104,12,0,0
BRF:22
BRH:14
end_of_record
TN:
SF:src/middleware/verifyOwnership.ts
FN:51,getCallerId
FN:60,verifyOwnership
FN:61,(anonymous_2)
FNF:3
FNH:1
FNDA:0,getCallerId
FNDA:30,verifyOwnership
FNDA:0,(anonymous_2)
DA:52,0
DA:61,30
DA:62,0
DA:63,0
DA:64,0
DA:67,0
DA:68,0
DA:69,0
DA:70,0
DA:71,0
DA:74,0
DA:75,0
DA:76,0
DA:77,0
DA:80,0
DA:83,0
DA:85,0
DA:90,0
DA:91,0
DA:92,0
DA:97,0
DA:99,0
DA:103,0
DA:108,0
DA:109,0
DA:110,0
DA:115,0
DA:117,0
DA:121,0
DA:126,0
DA:127,0
DA:131,0
DA:140,0
DA:141,0
DA:142,0
DA:144,0
DA:145,0
DA:147,0
DA:149,0
DA:153,0
DA:158,0
DA:159,0
DA:160,0
DA:162,0
DA:163,0
DA:165,0
DA:167,0
DA:171,0
DA:172,0
DA:177,0
DA:182,0
DA:183,0
DA:188,0
DA:193,0
DA:194,0
DA:198,0
DA:199,0
DA:200,0
DA:204,0
DA:205,0
DA:206,0
DA:209,0
DA:210,0
DA:214,0
DA:217,0
DA:220,0
DA:222,0
DA:226,0
LF:68
LH:1
BRDA:52,0,0,0
BRDA:52,0,1,0
BRDA:52,0,2,0
BRDA:52,0,3,0
BRDA:62,1,0,0
BRDA:62,1,1,0
BRDA:68,2,0,0
BRDA:68,2,1,0
BRDA:69,3,0,0
BRDA:69,3,1,0
BRDA:75,4,0,0
BRDA:75,4,1,0
BRDA:83,5,0,0
BRDA:83,5,1,0
BRDA:83,5,2,0
BRDA:83,5,3,0
BRDA:83,5,4,0
BRDA:83,5,5,0
BRDA:83,5,6,0
BRDA:83,5,7,0
BRDA:83,5,8,0
BRDA:83,5,9,0
BRDA:83,5,10,0
BRDA:90,6,0,0
BRDA:90,6,1,0
BRDA:91,7,0,0
BRDA:91,7,1,0
BRDA:97,8,0,0
BRDA:97,8,1,0
BRDA:108,9,0,0
BRDA:108,9,1,0
BRDA:109,10,0,0
BRDA:109,10,1,0
BRDA:115,11,0,0
BRDA:115,11,1,0
BRDA:126,12,0,0
BRDA:126,12,1,0
BRDA:140,13,0,0
BRDA:140,13,1,0
BRDA:144,14,0,0
BRDA:144,14,1,0
BRDA:144,15,0,0
BRDA:144,15,1,0
BRDA:144,15,2,0
BRDA:158,16,0,0
BRDA:158,16,1,0
BRDA:162,17,0,0
BRDA:162,17,1,0
BRDA:162,18,0,0
BRDA:162,18,1,0
BRDA:182,19,0,0
BRDA:182,19,1,0
BRDA:193,20,0,0
BRDA:193,20,1,0
BRDA:204,21,0,0
BRDA:204,21,1,0
BRDA:204,22,0,0
BRDA:204,22,1,0
BRDA:209,23,0,0
BRDA:209,23,1,0
BRF:60
BRH:0
end_of_record
TN:
SF:src/modules/otp/otp.config.ts
FNF:0
FNH:0
DA:3,5
LF:1
LH:1
BRF:0
BRH:0
end_of_record
TN:
SF:src/modules/otp/otp.deliver.ts
FN:30,deliverOtp
FN:98,getAvailableChannels
FN:126,buildChannelOrder
FN:144,(anonymous_3)
FN:148,(anonymous_4)
FN:160,tryWhatsApp
FN:170,trySms
FN:180,tryEmail
FN:192,tryConsole
FN:208,isConsoleAllowed
FNF:10
FNH:0
FNDA:0,deliverOtp
FNDA:0,getAvailableChannels
FNDA:0,buildChannelOrder
FNDA:0,(anonymous_3)
FNDA:0,(anonymous_4)
FNDA:0,tryWhatsApp
FNDA:0,trySms
FNDA:0,tryEmail
FNDA:0,tryConsole
FNDA:0,isConsoleAllowed
DA:37,0
DA:38,0
DA:41,0
DA:43,0
DA:45,0
DA:46,0
DA:47,0
DA:50,0
DA:51,0
DA:52,0
DA:53,0
DA:54,0
DA:55,0
DA:57,0
DA:60,0
DA:62,0
DA:63,0
DA:67,0
DA:75,0
DA:76,0
DA:77,0
DA:79,0
DA:80,0
DA:81,0
DA:86,0
DA:90,0
DA:102,0
DA:104,0
DA:105,0
DA:106,0
DA:109,0
DA:110,0
DA:115,0
DA:119,0
DA:121,0
DA:131,0
DA:133,0
DA:135,0
DA:136,0
DA:142,0
DA:144,0
DA:148,0
DA:151,0
DA:152,0
DA:155,0
DA:166,0
DA:167,0
DA:176,0
DA:177,0
DA:187,0
DA:188,0
DA:189,0
DA:193,0
DA:194,0
DA:198,0
DA:199,0
DA:203,0
DA:209,0
LF:58
LH:0
BRDA:50,0,0,0
BRDA:50,0,1,0
BRDA:52,1,0,0
BRDA:52,1,1,0
BRDA:54,2,0,0
BRDA:54,2,1,0
BRDA:62,3,0,0
BRDA:62,3,1,0
BRDA:79,4,0,0
BRDA:79,4,1,0
BRDA:92,5,0,0
BRDA:92,5,1,0
BRDA:104,6,0,0
BRDA:104,6,1,0
BRDA:105,7,0,0
BRDA:105,7,1,0
BRDA:106,8,0,0
BRDA:106,8,1,0
BRDA:106,9,0,0
BRDA:106,9,1,0
BRDA:109,10,0,0
BRDA:109,10,1,0
BRDA:111,11,0,0
BRDA:111,11,1,0
BRDA:111,11,2,0
BRDA:115,12,0,0
BRDA:115,12,1,0
BRDA:119,13,0,0
BRDA:119,13,1,0
BRDA:133,14,0,0
BRDA:133,14,1,0
BRDA:135,15,0,0
BRDA:135,15,1,0
BRDA:142,16,0,0
BRDA:142,16,1,0
BRDA:142,17,0,0
BRDA:142,17,1,0
BRDA:152,18,0,0
BRDA:152,18,1,0
BRDA:193,19,0,0
BRDA:193,19,1,0
BRDA:198,20,0,0
BRDA:198,20,1,0
BRDA:209,21,0,0
BRDA:209,21,1,0
BRF:45
BRH:0
end_of_record
TN:
SF:src/modules/otp/otp.generate.ts
FN:5,resolveHmacSecret
FN:22,generateOtpCode
FN:28,generateTripOtp
FN:32,hashOtpCode
FN:37,verifyOtpHash
FNF:5
FNH:0
FNDA:0,resolveHmacSecret
FNDA:0,generateOtpCode
FNDA:0,generateTripOtp
FNDA:0,hashOtpCode
FNDA:0,verifyOtpHash
DA:6,0
DA:7,0
DA:8,0
DA:13,0
DA:14,0
DA:19,0
DA:23,0
DA:24,0
DA:25,0
DA:29,0
DA:33,0
DA:34,0
DA:38,0
DA:39,0
DA:40,0
DA:41,0
DA:42,0
DA:43,0
DA:45,0
LF:19
LH:0
BRDA:6,0,0,0
BRDA:6,0,1,0
BRDA:7,1,0,0
BRDA:7,1,1,0
BRDA:13,2,0,0
BRDA:13,2,1,0
BRDA:13,3,0,0
BRDA:13,3,1,0
BRDA:22,4,0,0
BRDA:42,5,0,0
BRDA:42,5,1,0
BRF:11
BRH:0
end_of_record
TN:
SF:src/modules/otp/otp.store.ts
FN:10,saveOtpToken
FN:72,getActiveOtpToken
FN:100,markOtpUsed
FN:109,countRecentSends
FN:132,getLastSentAt
FN:155,getAttemptStatus
FN:175,recordAttempt
FN:218,cleanupExpiredTokens
FN:241,maskIdentifier
FNF:9
FNH:0
FNDA:0,saveOtpToken
FNDA:0,getActiveOtpToken
FNDA:0,markOtpUsed
FNDA:0,countRecentSends
FNDA:0,getLastSentAt
FNDA:0,getAttemptStatus
FNDA:0,recordAttempt
FNDA:0,cleanupExpiredTokens
FNDA:0,maskIdentifier
DA:31,0
DA:33,0
DA:34,0
DA:37,0
DA:49,0
DA:62,0
DA:67,0
DA:77,0
DA:78,0
DA:80,0
DA:95,0
DA:101,0
DA:114,0
DA:116,0
DA:127,0
DA:137,0
DA:150,0
DA:156,0
DA:158,0
DA:164,0
DA:165,0
DA:167,0
DA:168,0
DA:179,0
DA:180,0
DA:181,0
DA:184,0
DA:185,0
DA:188,0
DA:199,0
DA:205,0
DA:206,0
DA:208,0
DA:209,0
DA:219,0
DA:220,0
DA:222,0
DA:227,0
DA:229,0
DA:230,0
DA:234,0
DA:236,0
DA:242,0
DA:243,0
DA:244,0
DA:246,0
DA:247,0
DA:249,0
LF:48
LH:0
BRDA:30,0,0,0
BRDA:57,1,0,0
BRDA:57,1,1,0
BRDA:58,2,0,0
BRDA:58,2,1,0
BRDA:59,3,0,0
BRDA:59,3,1,0
BRDA:95,4,0,0
BRDA:95,4,1,0
BRDA:127,5,0,0
BRDA:127,5,1,0
BRDA:150,6,0,0
BRDA:150,6,1,0
BRDA:165,7,0,0
BRDA:165,7,1,0
BRDA:171,8,0,0
BRDA:171,8,1,0
BRDA:179,9,0,0
BRDA:179,9,1,0
BRDA:206,10,0,0
BRDA:206,10,1,0
BRDA:212,11,0,0
BRDA:212,11,1,0
BRDA:227,12,0,0
BRDA:227,12,1,0
BRDA:229,13,0,0
BRDA:229,13,1,0
BRDA:242,14,0,0
BRDA:242,14,1,0
BRDA:246,15,0,0
BRDA:246,15,1,0
BRF:31
BRH:0
end_of_record
TN:
SF:src/modules/otp/otp.totp.ts
FN:25,getEncryptionKey
FN:44,encryptTotpSecret
FN:54,decryptTotpSecret
FN:82,base32Encode
FN:98,base32Decode
FN:118,hotp
FN:136,totpCode
FN:142,generateTotpSecret
FN:157,verifyTotpToken
FN:176,getTotpUri
FN:182,generateQrCodeDataUrl
FN:190,savePendingTotpSecret
FN:204,getPendingTotpSecret
FN:218,deletePendingTotpSecret
FN:235,generateRecoveryCodes
FN:259,verifyRecoveryCode
FN:265,(anonymous_16)
FN:287,countUnusedRecoveryCodes
FN:293,(anonymous_18)
FNF:19
FNH:0
FNDA:0,getEncryptionKey
FNDA:0,encryptTotpSecret
FNDA:0,decryptTotpSecret
FNDA:0,base32Encode
FNDA:0,base32Decode
FNDA:0,hotp
FNDA:0,totpCode
FNDA:0,generateTotpSecret
FNDA:0,verifyTotpToken
FNDA:0,getTotpUri
FNDA:0,generateQrCodeDataUrl
FNDA:0,savePendingTotpSecret
FNDA:0,getPendingTotpSecret
FNDA:0,deletePendingTotpSecret
FNDA:0,generateRecoveryCodes
FNDA:0,verifyRecoveryCode
FNDA:0,(anonymous_16)
FNDA:0,countUnusedRecoveryCodes
FNDA:0,(anonymous_18)
DA:19,5
DA:20,5
DA:21,5
DA:26,0
DA:27,0
DA:28,0
DA:33,0
DA:34,0
DA:39,0
DA:45,0
DA:46,0
DA:47,0
DA:48,0
DA:49,0
DA:50,0
DA:51,0
DA:55,0
DA:56,0
DA:57,0
DA:62,0
DA:63,0
DA:64,0
DA:65,0
DA:66,0
DA:67,0
DA:68,0
DA:69,0
DA:71,0
DA:80,5
DA:83,0
DA:84,0
DA:85,0
DA:86,0
DA:87,0
DA:88,0
DA:89,0
DA:90,0
DA:91,0
DA:94,0
DA:95,0
DA:99,0
DA:100,0
DA:101,0
DA:102,0
DA:103,0
DA:104,0
DA:105,0
DA:106,0
DA:107,0
DA:108,0
DA:109,0
DA:110,0
DA:113,0
DA:119,0
DA:120,0
DA:121,0
DA:122,0
DA:123,0
DA:124,0
DA:126,0
DA:127,0
DA:128,0
DA:133,0
DA:137,0
DA:143,0
DA:144,0
DA:145,0
DA:158,0
DA:159,0
DA:160,0
DA:161,0
DA:162,0
DA:164,0
DA:166,0
DA:170,0
DA:177,0
DA:178,0
DA:179,0
DA:183,0
DA:184,0
DA:185,0
DA:195,0
DA:196,0
DA:207,0
DA:213,0
DA:214,0
DA:215,0
DA:219,0
DA:236,0
DA:237,0
DA:239,0
DA:240,0
DA:241,0
DA:242,0
DA:246,0
DA:247,0
DA:249,0
DA:251,0
DA:260,0
DA:265,0
DA:267,0
DA:268,0
DA:269,0
DA:271,0
DA:276,0
DA:277,0
DA:281,0
DA:288,0
DA:293,0
LF:109
LH:4
BRDA:26,0,0,0
BRDA:26,0,1,0
BRDA:27,1,0,0
BRDA:27,1,1,0
BRDA:33,2,0,0
BRDA:33,2,1,0
BRDA:33,3,0,0
BRDA:33,3,1,0
BRDA:56,4,0,0
BRDA:56,4,1,0
BRDA:72,5,0,0
BRDA:72,5,1,0
BRDA:94,6,0,0
BRDA:94,6,1,0
BRDA:105,7,0,0
BRDA:105,7,1,0
BRDA:108,8,0,0
BRDA:108,8,1,0
BRDA:136,9,0,0
BRDA:162,10,0,0
BRDA:162,10,1,0
BRDA:167,11,0,0
BRDA:167,11,1,0
BRDA:176,12,0,0
BRDA:214,13,0,0
BRDA:214,13,1,0
BRDA:269,14,0,0
BRDA:269,14,1,0
BRF:28
BRH:0
end_of_record
TN:
SF:src/modules/otp/otp.types.ts
FN:51,(anonymous_0)
FN:62,(anonymous_1)
FN:72,(anonymous_2)
FN:82,(anonymous_3)
FN:90,(anonymous_4)
FN:97,(anonymous_5)
FNF:6
FNH:0
FNDA:0,(anonymous_0)
FNDA:0,(anonymous_1)
FNDA:0,(anonymous_2)
FNDA:0,(anonymous_3)
FNDA:0,(anonymous_4)
FNDA:0,(anonymous_5)
DA:52,0
DA:53,0
DA:54,0
DA:55,0
DA:63,0
DA:64,0
DA:65,0
DA:73,0
DA:74,0
DA:75,0
DA:83,0
DA:84,0
DA:85,0
DA:91,0
DA:92,0
DA:98,0
DA:99,0
LF:17
LH:0
BRF:0
BRH:0
end_of_record
TN:
SF:src/modules/otp/otp.verify.ts
FN:39,sendOtp
FN:175,verifyOtp
FN:236,normalizeIdentifier
FN:247,resolveChannel
FN:256,maskId
FN:267,isDevMode
FNF:6
FNH:0
FNDA:0,sendOtp
FNDA:0,verifyOtp
FNDA:0,normalizeIdentifier
FNDA:0,resolveChannel
FNDA:0,maskId
FNDA:0,isDevMode
DA:48,0
DA:50,0
DA:53,0
DA:54,0
DA:55,0
DA:59,0
DA:66,0
DA:67,0
DA:68,0
DA:72,0
DA:79,0
DA:80,0
DA:81,0
DA:82,0
DA:83,0
DA:84,0
DA:93,0
DA:94,0
DA:95,0
DA:96,0
DA:101,0
DA:110,0
DA:121,0
DA:122,0
DA:125,0
DA:126,0
DA:127,0
DA:130,0
DA:142,0
DA:149,0
DA:151,0
DA:162,0
DA:176,0
DA:178,0
DA:181,0
DA:182,0
DA:183,0
DA:190,0
DA:192,0
DA:194,0
DA:195,0
DA:196,0
DA:200,0
DA:202,0
DA:203,0
DA:204,0
DA:208,0
DA:217,0
DA:220,0
DA:222,0
DA:227,0
DA:237,0
DA:240,0
DA:241,0
DA:242,0
DA:243,0
DA:244,0
DA:248,0
DA:250,0
DA:251,0
DA:253,0
DA:257,0
DA:258,0
DA:259,0
DA:261,0
DA:262,0
DA:264,0
DA:268,0
LF:68
LH:0
BRDA:54,0,0,0
BRDA:54,0,1,0
BRDA:60,1,0,0
BRDA:60,1,1,0
BRDA:61,2,0,0
BRDA:61,2,1,0
BRDA:67,3,0,0
BRDA:67,3,1,0
BRDA:80,4,0,0
BRDA:80,4,1,0
BRDA:82,5,0,0
BRDA:82,5,1,0
BRDA:93,6,0,0
BRDA:93,6,1,0
BRDA:95,7,0,0
BRDA:95,7,1,0
BRDA:103,8,0,0
BRDA:103,8,1,0
BRDA:105,9,0,0
BRDA:105,9,1,0
BRDA:106,10,0,0
BRDA:106,10,1,0
BRDA:114,11,0,0
BRDA:114,11,1,0
BRDA:115,12,0,0
BRDA:115,12,1,0
BRDA:115,12,2,0
BRDA:169,13,0,0
BRDA:169,13,1,0
BRDA:182,14,0,0
BRDA:182,14,1,0
BRDA:184,15,0,0
BRDA:184,15,1,0
BRDA:185,16,0,0
BRDA:185,16,1,0
BRDA:192,17,0,0
BRDA:192,17,1,0
BRDA:202,18,0,0
BRDA:202,18,1,0
BRDA:209,19,0,0
BRDA:209,19,1,0
BRDA:211,20,0,0
BRDA:211,20,1,0
BRDA:229,21,0,0
BRDA:229,21,1,0
BRDA:237,22,0,0
BRDA:237,22,1,0
BRDA:241,23,0,0
BRDA:241,23,1,0
BRDA:242,24,0,0
BRDA:242,24,1,0
BRDA:243,25,0,0
BRDA:243,25,1,0
BRDA:248,26,0,0
BRDA:248,26,1,0
BRDA:248,27,0,0
BRDA:248,27,1,0
BRDA:251,28,0,0
BRDA:251,28,1,0
BRDA:253,29,0,0
BRDA:253,29,1,0
BRDA:257,30,0,0
BRDA:257,30,1,0
BRDA:261,31,0,0
BRDA:261,31,1,0
BRDA:268,32,0,0
BRDA:268,32,1,0
BRF:67
BRH:0
end_of_record
TN:
SF:src/services/admin-audit.service.ts
FN:42,(anonymous_0)
FN:50,(anonymous_1)
FN:135,(anonymous_2)
FN:219,(anonymous_3)
FN:240,(anonymous_4)
FN:267,(anonymous_5)
FNF:6
FNH:5
FNDA:5,(anonymous_0)
FNDA:5,(anonymous_1)
FNDA:5,(anonymous_2)
FNDA:5,(anonymous_3)
FNDA:0,(anonymous_4)
FNDA:5,(anonymous_5)
DA:43,1
DA:54,2
DA:56,2
DA:57,2
DA:59,2
DA:62,2
DA:80,2
DA:91,2
DA:93,0
DA:94,0
DA:97,0
DA:116,0
DA:128,0
DA:139,0
DA:140,0
DA:141,0
DA:143,0
DA:144,0
DA:145,0
DA:147,0
DA:148,0
DA:149,0
DA:153,0
DA:154,0
DA:155,0
DA:157,0
DA:158,0
DA:175,0
DA:187,0
DA:202,0
DA:213,0
DA:225,0
DA:227,0
DA:228,0
DA:229,0
DA:230,0
DA:231,0
DA:239,0
DA:240,0
DA:243,0
DA:253,0
DA:270,0
DA:277,0
DA:291,0
LF:44
LH:8
BRDA:43,0,0,1
BRDA:43,0,1,0
BRDA:94,1,0,0
BRDA:94,1,1,0
BRDA:147,2,0,0
BRDA:147,2,1,0
BRDA:157,3,0,0
BRDA:157,3,1,0
BRDA:227,4,0,0
BRDA:227,4,1,0
BRDA:230,5,0,0
BRDA:230,5,1,0
BRF:12
BRH:1
end_of_record
TN:
SF:src/services/admin-auth.service.ts
FN:27,adminLogin
FN:87,verify2fa
FN:101,(anonymous_2)
FN:119,createAdminSession
FN:179,refreshAdminSession
FN:205,(anonymous_5)
FN:235,(anonymous_6)
FN:278,logoutAdminSession
FN:288,revokeAllAdminSessions
FN:298,getAdminActiveSessions
FNF:10
FNH:0
FNDA:0,adminLogin
FNDA:0,verify2fa
FNDA:0,(anonymous_2)
FNDA:0,createAdminSession
FNDA:0,refreshAdminSession
FNDA:0,(anonymous_5)
FNDA:0,(anonymous_6)
FNDA:0,logoutAdminSession
FNDA:0,revokeAllAdminSessions
FNDA:0,getAdminActiveSessions
DA:42,0
DA:43,0
DA:56,0
DA:58,0
DA:59,0
DA:63,0
DA:64,0
DA:65,0
DA:69,0
DA:72,0
DA:73,0
DA:81,0
DA:97,0
DA:101,0
DA:103,0
DA:104,0
DA:107,0
DA:108,0
DA:109,0
DA:112,0
DA:132,0
DA:139,0
DA:140,0
DA:141,0
DA:142,0
DA:145,0
DA:146,0
DA:148,0
DA:159,0
DA:164,0
DA:191,0
DA:192,0
DA:195,0
DA:205,0
DA:207,0
DA:208,0
DA:212,0
DA:213,0
DA:215,0
DA:222,0
DA:226,0
DA:227,0
DA:231,0
DA:235,0
DA:237,0
DA:238,0
DA:246,0
DA:247,0
DA:248,0
DA:249,0
DA:250,0
DA:253,0
DA:263,0
DA:271,0
DA:279,0
DA:289,0
DA:299,0
LF:57
LH:0
BRDA:56,0,0,0
BRDA:56,0,1,0
BRDA:58,1,0,0
BRDA:58,1,1,0
BRDA:64,2,0,0
BRDA:64,2,1,0
BRDA:69,3,0,0
BRDA:69,3,1,0
BRDA:69,4,0,0
BRDA:69,4,1,0
BRDA:103,5,0,0
BRDA:103,5,1,0
BRDA:103,6,0,0
BRDA:103,6,1,0
BRDA:108,7,0,0
BRDA:108,7,1,0
BRDA:207,8,0,0
BRDA:207,8,1,0
BRDA:217,9,0,0
BRDA:217,9,1,0
BRDA:226,10,0,0
BRDA:226,10,1,0
BRDA:237,11,0,0
BRDA:237,11,1,0
BRDA:237,12,0,0
BRDA:237,12,1,0
BRF:26
BRH:0
end_of_record
TN:
SF:src/services/admin-finance.service.ts
FN:49,(anonymous_0)
FN:67,(anonymous_1)
FN:78,(anonymous_2)
FN:145,(anonymous_3)
FN:153,(anonymous_4)
FN:251,(anonymous_5)
FN:284,(anonymous_6)
FN:336,(anonymous_7)
FN:344,(anonymous_8)
FN:359,(anonymous_9)
FN:399,(anonymous_10)
FN:414,(anonymous_11)
FN:415,(anonymous_12)
FN:418,(anonymous_13)
FN:419,(anonymous_14)
FN:422,(anonymous_15)
FN:437,(anonymous_16)
FN:445,(anonymous_17)
FNF:18
FNH:9
FNDA:5,(anonymous_0)
FNDA:5,(anonymous_1)
FNDA:0,(anonymous_2)
FNDA:5,(anonymous_3)
FNDA:0,(anonymous_4)
FNDA:5,(anonymous_5)
FNDA:0,(anonymous_6)
FNDA:5,(anonymous_7)
FNDA:0,(anonymous_8)
FNDA:5,(anonymous_9)
FNDA:5,(anonymous_10)
FNDA:0,(anonymous_11)
FNDA:0,(anonymous_12)
FNDA:0,(anonymous_13)
FNDA:0,(anonymous_14)
FNDA:0,(anonymous_15)
FNDA:5,(anonymous_16)
FNDA:5,(anonymous_17)
DA:50,0
DA:56,0
DA:57,0
DA:61,0
DA:68,0
DA:69,0
DA:72,0
DA:73,0
DA:75,0
DA:76,0
DA:78,0
DA:79,0
DA:86,0
DA:87,0
DA:90,0
DA:91,0
DA:92,0
DA:97,0
DA:111,0
DA:112,0
DA:117,0
DA:127,0
DA:130,0
DA:135,0
DA:146,0
DA:147,0
DA:150,0
DA:151,0
DA:153,0
DA:154,0
DA:161,0
DA:162,0
DA:167,0
DA:168,0
DA:169,0
DA:170,0
DA:173,0
DA:187,0
DA:188,0
DA:193,0
DA:194,0
DA:196,0
DA:197,0
DA:198,0
DA:203,0
DA:217,0
DA:218,0
DA:224,0
DA:233,0
DA:236,0
DA:241,0
DA:252,0
DA:253,0
DA:257,0
DA:258,0
DA:264,0
DA:265,0
DA:269,0
DA:270,0
DA:276,0
DA:277,0
DA:281,0
DA:282,0
DA:284,0
DA:285,0
DA:292,0
DA:293,0
DA:296,0
DA:305,0
DA:306,0
DA:309,0
DA:318,0
DA:321,0
DA:326,0
DA:337,0
DA:344,0
DA:360,0
DA:362,0
DA:363,0
DA:366,0
DA:369,0
DA:377,0
DA:385,0
DA:386,0
DA:388,0
DA:400,0
DA:413,0
DA:414,0
DA:415,0
DA:417,0
DA:418,0
DA:419,0
DA:421,0
DA:422,0
DA:438,0
DA:439,0
DA:446,0
LF:97
LH:0
BRDA:56,0,0,0
BRDA:56,0,1,0
BRDA:61,1,0,0
BRDA:61,1,1,0
BRDA:68,2,0,0
BRDA:68,2,1,0
BRDA:73,3,0,0
BRDA:73,3,1,0
BRDA:86,4,0,0
BRDA:86,4,1,0
BRDA:90,5,0,0
BRDA:90,5,1,0
BRDA:91,6,0,0
BRDA:91,6,1,0
BRDA:111,7,0,0
BRDA:111,7,1,0
BRDA:123,8,0,0
BRDA:123,8,1,0
BRDA:127,9,0,0
BRDA:127,9,1,0
BRDA:146,10,0,0
BRDA:146,10,1,0
BRDA:161,11,0,0
BRDA:161,11,1,0
BRDA:167,12,0,0
BRDA:167,12,1,0
BRDA:168,13,0,0
BRDA:168,13,1,0
BRDA:169,14,0,0
BRDA:169,14,1,0
BRDA:187,15,0,0
[...]
FN:17,hashPassword
FN:23,verifyPassword
FN:43,validatePasswordStrength
FN:63,hashAdminSecret
FN:69,verifyAdminSecret
FN:80,generateSecureOtp
FN:85,resolveRequiredSecret
FN:97,warnTokenHashSecretOnce
FN:107,makeTokenHash
FN:119,getTotpEncryptionKey
FN:124,encryptTotpSecret
FN:133,decryptTotpSecret
FN:164,base32Decode
FN:180,verifyTotpCode
FNF:14
FNH:1
FNDA:0,hashPassword
FNDA:0,verifyPassword
FNDA:0,validatePasswordStrength
FNDA:0,hashAdminSecret
FNDA:0,verifyAdminSecret
FNDA:0,generateSecureOtp
FNDA:0,resolveRequiredSecret
FNDA:5,warnTokenHashSecretOnce
FNDA:0,makeTokenHash
FNDA:0,getTotpEncryptionKey
FNDA:0,encryptTotpSecret
FNDA:0,decryptTotpSecret
FNDA:0,base32Decode
FNDA:0,verifyTotpCode
DA:14,5
DA:15,5
DA:18,0
DA:19,0
DA:20,0
DA:24,0
DA:25,0
DA:26,0
DA:27,0
DA:28,0
DA:29,0
DA:30,0
DA:32,0
DA:39,0
DA:44,0
DA:45,0
DA:46,0
DA:47,0
DA:48,0
DA:49,0
DA:50,0
DA:51,0
DA:52,0
DA:56,0
DA:59,5
DA:60,5
DA:64,0
DA:70,0
DA:71,0
DA:73,0
DA:74,0
DA:76,0
DA:81,0
DA:86,0
DA:87,0
DA:88,0
DA:89,0
DA:94,0
DA:98,5
DA:99,5
DA:104,5
DA:108,0
DA:109,0
DA:115,5
DA:116,5
DA:117,5
DA:120,0
DA:121,0
DA:125,0
DA:126,0
DA:127,0
DA:128,0
DA:129,0
DA:130,0
DA:134,0
DA:135,0
DA:136,0
DA:140,0
DA:142,0
DA:143,0
DA:144,0
DA:145,0
DA:146,0
DA:147,0
DA:148,0
DA:149,0
DA:151,0
DA:158,0
DA:165,0
DA:166,0
DA:167,0
DA:168,0
DA:169,0
DA:170,0
DA:171,0
DA:173,0
DA:174,0
DA:175,0
DA:177,0
DA:181,0
DA:182,0
DA:183,0
DA:184,0
DA:186,0
DA:188,0
DA:189,0
DA:190,0
DA:191,0
DA:192,0
DA:194,0
DA:195,0
DA:196,0
DA:198,0
DA:199,0
DA:204,0
DA:206,0
DA:207,0
DA:210,0
DA:212,0
DA:219,0
LF:100
LH:10
BRDA:26,0,0,0
BRDA:26,0,1,0
BRDA:26,1,0,0
BRDA:26,1,1,0
BRDA:29,2,0,0
BRDA:29,2,1,0
BRDA:34,3,0,0
BRDA:34,3,1,0
BRDA:44,4,0,0
BRDA:44,4,1,0
BRDA:46,5,0,0
BRDA:46,5,1,0
BRDA:47,6,0,0
BRDA:47,6,1,0
BRDA:49,7,0,0
BRDA:49,7,1,0
BRDA:51,8,0,0
BRDA:51,8,1,0
BRDA:70,9,0,0
BRDA:70,9,1,0
BRDA:73,10,0,0
BRDA:73,10,1,0
BRDA:86,11,0,0
BRDA:86,11,1,0
BRDA:86,12,0,0
BRDA:86,12,1,0
BRDA:87,13,0,0
BRDA:87,13,1,0
BRDA:88,14,0,0
BRDA:88,14,1,0
BRDA:98,15,0,5
BRDA:98,15,1,0
BRDA:98,16,0,5
BRDA:98,16,1,5
BRDA:108,17,0,0
BRDA:108,17,1,0
BRDA:135,18,0,0
BRDA:135,18,1,0
BRDA:153,19,0,0
BRDA:153,19,1,0
BRDA:170,20,0,0
BRDA:170,20,1,0
BRDA:206,21,0,0
BRDA:206,21,1,0
BRDA:214,22,0,0
BRDA:214,22,1,0
BRF:46
BRH:3
end_of_record
TN:
SF:src/services/permissions.service.ts
FN:32,seedPermissionCatalog
FN:51,seedDefaultRoles
FN:57,(anonymous_2)
FN:91,(anonymous_3)
FN:98,slugToName
FN:99,(anonymous_5)
FN:103,backfillAdminRoleAssignments
FN:134,listRoles
FN:142,(anonymous_8)
FN:145,getRole
FN:152,(anonymous_10)
FN:155,createRole
FN:177,updateRole
FN:191,deleteRole
FN:202,setRolePermissions
FN:208,(anonymous_15)
FN:217,assignRoleToAdmin
FN:232,revokeRoleFromAdmin
FN:243,setAdminRoles
FN:252,(anonymous_19)
FN:257,getAdminRoles
FN:271,getEffectivePermissionsForAdmin
FN:280,(anonymous_22)
FN:283,getEffectivePermissionsForUser
FN:292,(anonymous_24)
FN:307,resolveAdminPermissions
FN:329,(anonymous_26)
FN:335,userHasPermission
FN:344,revokeSessionsForRole
FN:359,(anonymous_29)
FNF:30
FNH:0
FNDA:0,seedPermissionCatalog
FNDA:0,seedDefaultRoles
FNDA:0,(anonymous_2)
FNDA:0,(anonymous_3)
FNDA:0,slugToName
FNDA:0,(anonymous_5)
FNDA:0,backfillAdminRoleAssignments
FNDA:0,listRoles
FNDA:0,(anonymous_8)
FNDA:0,getRole
FNDA:0,(anonymous_10)
FNDA:0,createRole
FNDA:0,updateRole
FNDA:0,deleteRole
FNDA:0,setRolePermissions
FNDA:0,(anonymous_15)
FNDA:0,assignRoleToAdmin
FNDA:0,revokeRoleFromAdmin
FNDA:0,setAdminRoles
FNDA:0,(anonymous_19)
FNDA:0,getAdminRoles
FNDA:0,getEffectivePermissionsForAdmin
FNDA:0,(anonymous_22)
FNDA:0,getEffectivePermissionsForUser
FNDA:0,(anonymous_24)
FNDA:0,resolveAdminPermissions
FNDA:0,(anonymous_26)
FNDA:0,userHasPermission
FNDA:0,revokeSessionsForRole
FNDA:0,(anonymous_29)
DA:28,5
DA:33,0
DA:34,0
DA:49,5
DA:57,0
DA:58,0
DA:60,0
DA:61,0
DA:62,0
DA:63,0
DA:64,0
DA:71,0
DA:80,0
DA:81,0
DA:87,0
DA:88,0
DA:89,0
DA:91,0
DA:99,0
DA:104,0
DA:109,0
DA:110,0
DA:113,0
DA:114,0
DA:119,0
DA:120,0
DA:135,0
DA:136,0
DA:137,0
DA:138,0
DA:139,0
DA:140,0
DA:142,0
DA:146,0
DA:147,0
DA:148,0
DA:152,0
DA:161,0
DA:162,0
DA:163,0
DA:170,0
DA:171,0
DA:173,0
DA:174,0
DA:184,0
DA:185,0
DA:186,0
DA:187,0
DA:188,0
DA:192,0
DA:193,0
DA:194,0
DA:195,0
DA:196,0
DA:197,0
DA:198,0
DA:199,0
DA:203,0
DA:204,0
DA:205,0
DA:206,0
DA:208,0
DA:211,0
DA:212,0
DA:222,0
DA:233,0
DA:248,0
DA:249,0
DA:250,0
DA:252,0
DA:258,0
DA:272,0
DA:280,0
DA:284,0
DA:292,0
DA:311,0
DA:312,0
DA:314,0
DA:315,0
DA:317,0
DA:318,0
DA:319,0
DA:324,0
DA:325,0
DA:329,0
DA:332,0
DA:336,0
DA:337,0
DA:345,0
DA:349,0
DA:351,0
DA:352,0
DA:353,0
DA:359,0
DA:362,0
LF:95
LH:2
BRDA:62,0,0,0
BRDA:62,0,1,0
BRDA:80,1,0,0
BRDA:80,1,1,0
BRDA:88,2,0,0
BRDA:88,2,1,0
BRDA:109,3,0,0
BRDA:109,3,1,0
BRDA:119,4,0,0
BRDA:119,4,1,0
BRDA:119,5,0,0
BRDA:119,5,1,0
BRDA:139,6,0,0
BRDA:139,6,1,0
BRDA:142,7,0,0
BRDA:142,7,1,0
BRDA:147,8,0,0
BRDA:147,8,1,0
BRDA:167,9,0,0
BRDA:167,9,1,0
BRDA:170,10,0,0
BRDA:170,10,1,0
BRDA:185,11,0,0
BRDA:185,11,1,0
BRDA:186,12,0,0
BRDA:186,12,1,0
BRDA:188,13,0,0
BRDA:188,13,1,0
BRDA:193,14,0,0
BRDA:193,14,1,0
BRDA:194,15,0,0
BRDA:194,15,1,0
BRDA:205,16,0,0
BRDA:205,16,1,0
BRDA:227,17,0,0
BRDA:227,17,1,0
BRDA:249,18,0,0
BRDA:249,18,1,0
BRDA:252,19,0,0
BRDA:252,19,1,0
BRDA:311,20,0,0
BRDA:311,20,1,0
BRDA:312,21,0,0
BRDA:312,21,1,0
BRDA:315,22,0,0
BRDA:315,22,1,0
BRDA:317,23,0,0
BRDA:317,23,1,0
BRDA:318,24,0,0
BRDA:318,24,1,0
BRDA:324,25,0,0
BRDA:324,25,1,0
BRDA:349,26,0,0
BRDA:349,26,1,0
BRF:54
BRH:0
end_of_record
TN:
SF:src/services/referralPrescriptionMigration.ts
FN:6,ensureReferralAndPrescriptionTables
FNF:1
FNH:0
FNDA:0,ensureReferralAndPrescriptionTables
DA:4,5
DA:7,0
DA:9,0
DA:23,0
DA:26,0
DA:30,0
DA:41,0
DA:44,0
DA:47,0
DA:51,0
DA:61,0
DA:64,0
DA:68,0
DA:73,0
LF:14
LH:1
BRDA:7,0,0,0
BRDA:7,0,1,0
BRF:2
BRH:0
end_of_record
TN:
SF:src/services/schemaDrift.service.ts
FN:30,getLastDriftReport
FN:35,buildSchemaMap
FN:41,(anonymous_2)
FN:52,buildDbMap
FN:68,checkSchemaDrift
FN:91,(anonymous_5)
FN:92,(anonymous_6)
FN:100,(anonymous_7)
FN:109,(anonymous_8)
FNF:9
FNH:0
FNDA:0,getLastDriftReport
FNDA:0,buildSchemaMap
FNDA:0,(anonymous_2)
FNDA:0,buildDbMap
FNDA:0,checkSchemaDrift
FNDA:0,(anonymous_5)
FNDA:0,(anonymous_6)
FNDA:0,(anonymous_7)
FNDA:0,(anonymous_8)
DA:23,5
DA:31,0
DA:36,0
DA:37,0
DA:38,0
DA:39,0
DA:40,0
DA:41,0
DA:42,0
DA:43,0
DA:45,0
DA:48,0
DA:53,0
DA:59,0
DA:60,0
DA:61,0
DA:62,0
DA:64,0
DA:69,0
DA:71,0
DA:73,0
DA:74,0
DA:75,0
DA:77,0
DA:78,0
DA:81,0
DA:82,0
DA:83,0
DA:87,0
DA:88,0
DA:89,0
DA:91,0
DA:92,0
DA:94,0
DA:95,0
DA:100,0
DA:102,0
DA:109,0
DA:112,0
DA:113,0
LF:40
LH:1
BRDA:38,0,0,0
BRDA:38,0,1,0
BRDA:42,1,0,0
BRDA:42,1,1,0
BRDA:61,2,0,0
BRDA:61,2,1,0
BRDA:78,3,0,0
BRDA:78,3,1,0
BRDA:82,4,0,0
BRDA:82,4,1,0
BRDA:82,5,0,0
BRDA:82,5,1,0
BRDA:89,6,0,0
BRDA:89,6,1,0
BRDA:94,7,0,0
BRDA:94,7,1,0
BRDA:94,8,0,0
BRDA:94,8,1,0
BRDA:100,9,0,0
BRDA:100,9,1,0
BRF:20
BRH:0
end_of_record
TN:
SF:src/services/sms.ts
FN:13,toE164Pakistan
FN:20,applyTemplate
FN:21,(anonymous_2)
FN:24,resolveLanguage
FN:36,dispatchSMS
FN:147,(anonymous_5)
FN:175,isSMSProviderConfigured
FN:196,isSMSConsoleActive
FN:202,sendOtpSMS
FN:215,sendOrderSMS
FN:231,sendApprovalSMS
FN:244,sendRejectionSMS
FN:260,sendSms
FN:277,dispatchFallbackSms
FNF:14
FNH:2
FNDA:0,toE164Pakistan
FNDA:0,applyTemplate
FNDA:0,(anonymous_2)
FNDA:0,resolveLanguage
FNDA:2,dispatchSMS
FNDA:0,(anonymous_5)
FNDA:0,isSMSProviderConfigured
FNDA:0,isSMSConsoleActive
FNDA:0,sendOtpSMS
FNDA:0,sendOrderSMS
FNDA:2,sendApprovalSMS
FNDA:0,sendRejectionSMS
FNDA:0,sendSms
FNDA:0,dispatchFallbackSms
DA:14,0
DA:15,0
DA:16,0
DA:17,0
DA:21,0
DA:25,0
DA:26,0
DA:27,0
DA:41,2
DA:42,2
DA:44,2
DA:45,2
DA:46,2
DA:49,0
DA:52,0
DA:53,0
DA:54,0
DA:55,0
DA:57,0
DA:58,0
DA:59,0
DA:67,0
DA:68,0
DA:69,0
DA:70,0
DA:71,0
DA:72,0
DA:74,0
DA:75,0
DA:80,0
DA:81,0
DA:82,0
DA:84,0
DA:85,0
DA:86,0
DA:93,0
DA:94,0
DA:97,0
DA:98,0
DA:99,0
DA:101,0
DA:103,0
DA:104,0
DA:109,0
DA:110,0
DA:111,0
DA:113,0
DA:114,0
DA:115,0
DA:122,0
DA:123,0
DA:143,0
DA:144,0
DA:145,0
DA:147,0
DA:148,0
DA:158,0
DA:160,0
DA:162,0
DA:163,0
DA:167,0
DA:168,0
DA:176,0
DA:177,0
DA:178,0
DA:179,0
DA:180,0
DA:186,0
DA:187,0
DA:188,0
DA:197,0
DA:208,0
DA:209,0
DA:210,0
DA:211,0
DA:212,0
DA:222,0
DA:223,0
DA:224,0
DA:225,0
DA:226,0
DA:237,2
DA:238,2
DA:239,2
DA:240,2
DA:241,2
DA:251,0
DA:252,0
DA:253,0
DA:254,0
DA:255,0
DA:256,0
DA:265,0
DA:266,0
DA:267,0
DA:268,0
DA:281,0
DA:282,0
DA:283,0
LF:99
LH:10
BRDA:15,0,0,0
BRDA:15,0,1,0
BRDA:16,1,0,0
BRDA:16,1,1,0
BRDA:21,2,0,0
BRDA:21,2,1,0
BRDA:26,3,0,0
BRDA:26,3,1,0
BRDA:26,4,0,0
BRDA:26,4,1,0
BRDA:42,5,0,2
BRDA:42,5,1,2
BRDA:44,6,0,2
BRDA:44,6,1,0
BRDA:44,7,0,2
BRDA:44,7,1,0
BRDA:52,8,0,0
BRDA:52,8,1,0
BRDA:57,9,0,0
BRDA:57,9,1,0
BRDA:57,10,0,0
BRDA:57,10,1,0
BRDA:57,10,2,0
BRDA:80,11,0,0
BRDA:80,11,1,0
BRDA:82,12,0,0
BRDA:82,12,1,0
BRDA:84,13,0,0
BRDA:84,13,1,0
BRDA:98,14,0,0
BRDA:98,14,1,0
BRDA:98,15,0,0
BRDA:98,15,1,0
BRDA:109,16,0,0
BRDA:109,16,1,0
BRDA:111,17,0,0
BRDA:111,17,1,0
BRDA:113,18,0,0
BRDA:113,18,1,0
BRDA:143,19,0,0
BRDA:143,19,1,0
BRDA:143,20,0,0
BRDA:143,20,1,0
BRDA:150,21,0,0
BRDA:150,21,1,0
BRDA:176,22,0,0
BRDA:176,22,1,0
BRDA:177,23,0,0
BRDA:177,23,1,0
BRDA:178,24,0,0
BRDA:178,24,1,0
BRDA:179,25,0,0
BRDA:179,25,1,0
BRDA:181,26,0,0
BRDA:181,26,1,0
BRDA:181,26,2,0
BRDA:186,27,0,0
BRDA:186,27,1,0
BRDA:187,28,0,0
BRDA:187,28,1,0
BRDA:198,29,0,0
BRDA:198,29,1,0
BRDA:198,30,0,0
BRDA:198,30,1,0
BRDA:210,31,0,0
BRDA:210,31,1,0
BRDA:224,32,0,0
BRDA:224,32,1,0
BRDA:237,33,0,2
BRDA:237,33,1,2
BRDA:238,34,0,2
BRDA:238,34,1,0
BRDA:238,35,0,0
BRDA:238,35,1,0
BRDA:239,36,0,2
BRDA:239,36,1,0
BRDA:251,37,0,0
BRDA:251,37,1,0
BRDA:252,38,0,0
BRDA:252,38,1,0
BRDA:252,39,0,0
BRDA:252,39,1,0
BRDA:253,40,0,0
BRDA:253,40,1,0
BRDA:254,41,0,0
BRDA:254,41,1,0
BRDA:281,42,0,0
BRDA:281,42,1,0
BRF:88
BRH:8
end_of_record
TN:
SF:src/services/smsGateway.ts
FN:26,getWhitelistBypass
FN:56,isWhitelistCode
FN:63,tryTwilio
FN:78,tryMsg91
FN:95,tryZong
FN:124,consoleResult
FN:129,toE164
FN:144,sendOtpWithFailover
FNF:8
FNH:0
FNDA:0,getWhitelistBypass
FNDA:0,isWhitelistCode
FNDA:0,tryTwilio
FNDA:0,tryMsg91
FNDA:0,tryZong
FNDA:0,consoleResult
FNDA:0,toE164
FNDA:0,sendOtpWithFailover
DA:27,0
DA:28,0
DA:29,0
DA:40,0
DA:42,0
DA:49,0
DA:57,0
DA:58,0
DA:64,0
DA:65,0
DA:66,0
DA:68,0
DA:69,0
DA:70,0
DA:71,0
DA:72,0
DA:74,0
DA:79,0
DA:80,0
DA:81,0
DA:82,0
DA:83,0
DA:84,0
DA:87,0
DA:88,0
DA:89,0
DA:91,0
DA:96,0
DA:97,0
DA:98,0
DA:99,0
DA:100,0
DA:116,0
DA:120,0
DA:125,0
DA:126,0
DA:130,0
DA:131,0
DA:132,0
DA:133,0
DA:151,0
DA:152,0
DA:153,0
DA:154,0
DA:158,0
DA:160,0
DA:161,0
DA:165,0
DA:166,0
DA:167,0
DA:173,0
DA:174,0
DA:177,0
DA:178,0
DA:181,0
DA:182,0
DA:184,0
DA:187,0
DA:189,0
DA:190,0
DA:192,0
DA:193,0
DA:195,0
DA:196,0
DA:198,0
DA:199,0
DA:201,0
DA:204,0
DA:205,0
DA:206,0
DA:208,0
DA:211,0
DA:212,0
DA:219,0
DA:220,0
LF:75
LH:0
BRDA:40,0,0,0
BRDA:40,0,1,0
BRDA:44,1,0,0
BRDA:44,1,1,0
BRDA:58,2,0,0
BRDA:58,2,1,0
BRDA:65,3,0,0
BRDA:65,3,1,0
BRDA:65,4,0,0
BRDA:65,4,1,0
BRDA:65,4,2,0
BRDA:80,5,0,0
BRDA:80,5,1,0
BRDA:83,6,0,0
BRDA:83,6,1,0
BRDA:88,7,0,0
BRDA:88,7,1,0
BRDA:88,8,0,0
BRDA:88,8,1,0
BRDA:97,9,0,0
BRDA:97,9,1,0
BRDA:99,10,0,0
BRDA:99,10,1,0
BRDA:108,11,0,0
BRDA:108,11,1,0
BRDA:116,12,0,0
BRDA:116,12,1,0
BRDA:131,13,0,0
BRDA:131,13,1,0
BRDA:132,14,0,0
BRDA:132,14,1,0
BRDA:152,15,0,0
BRDA:152,15,1,0
BRDA:160,16,0,0
BRDA:160,16,1,0
BRDA:177,17,0,0
BRDA:177,17,1,0
BRDA:187,18,0,0
BRDA:187,18,1,0
BRDA:187,18,2,0
BRDA:187,18,3,0
BRDA:187,18,4,0
BRDA:204,19,0,0
BRDA:204,19,1,0
BRDA:205,20,0,0
BRDA:205,20,1,0
BRDA:211,21,0,0
BRDA:211,21,1,0
BRF:48
BRH:0
end_of_record
TN:
SF:src/services/sqlMigrationRunner.ts
FN:28,runSqlMigrations
FN:62,(anonymous_1)
FN:66,(anonymous_2)
FN:79,(anonymous_3)
FN:80,(anonymous_4)
FN:128,(anonymous_5)
FN:132,(anonymous_6)
FNF:7
FNH:0
FNDA:0,runSqlMigrations
FNDA:0,(anonymous_1)
FNDA:0,(anonymous_2)
FNDA:0,(anonymous_3)
FNDA:0,(anonymous_4)
FNDA:0,(anonymous_5)
FNDA:0,(anonymous_6)
DA:8,5
DA:9,5
DA:29,0
DA:30,0
DA:31,0
DA:32,0
DA:34,0
DA:35,0
DA:36,0
DA:37,0
DA:40,0
DA:46,0
DA:58,0
DA:62,0
DA:63,0
DA:64,0
DA:66,0
DA:68,0
DA:69,0
DA:72,0
DA:73,0
DA:77,0
DA:79,0
DA:80,0
DA:81,0
DA:82,0
DA:86,0
DA:87,0
DA:88,0
DA:93,0
DA:96,0
DA:97,0
DA:102,0
DA:106,0
DA:107,0
DA:111,0
DA:112,0
DA:114,0
DA:115,0
DA:118,0
DA:124,0
DA:128,0
DA:129,0
DA:130,0
DA:132,0
DA:134,0
DA:135,0
DA:138,0
DA:139,0
DA:140,0
DA:141,0
DA:145,0
DA:148,0
DA:149,0
DA:154,0
DA:155,0
DA:158,0
DA:159,0
DA:163,0
LF:59
LH:2
BRDA:30,0,0,0
BRDA:30,0,1,0
BRDA:63,1,0,0
BRDA:63,1,1,0
BRDA:72,2,0,0
BRDA:72,2,1,0
BRDA:96,3,0,0
BRDA:96,3,1,0
BRDA:111,4,0,0
BRDA:111,4,1,0
BRDA:129,5,0,0
BRDA:129,5,1,0
BRDA:138,6,0,0
BRDA:138,6,1,0
BRDA:148,7,0,0
BRDA:148,7,1,0
BRF:16
BRH:0
end_of_record
TN:
SF:src/services/totp.ts
FN:15,getEncryptionKey
FN:20,encryptTotpSecret
FN:30,decryptTotpSecret
FN:55,base32Encode
FN:71,base32Decode
FN:90,hotp
FN:109,totpCode
FN:113,generateTotpSecret
FN:118,verifyTotpToken
FN:126,generateQRCodeDataURL
FN:133,getTotpUri
FNF:11
FNH:0
FNDA:0,getEncryptionKey
FNDA:0,encryptTotpSecret
FNDA:0,decryptTotpSecret
FNDA:0,base32Encode
FNDA:0,base32Decode
FNDA:0,hotp
FNDA:0,totpCode
FNDA:0,generateTotpSecret
FNDA:0,verifyTotpToken
FNDA:0,generateQRCodeDataURL
FNDA:0,getTotpUri
DA:11,5
DA:13,5
DA:16,0
DA:17,0
DA:21,0
DA:22,0
DA:23,0
DA:24,0
DA:25,0
DA:26,0
DA:27,0
DA:31,0
DA:32,0
DA:33,0
DA:37,0
DA:38,0
DA:39,0
DA:40,0
DA:41,0
DA:42,0
DA:43,0
DA:44,0
DA:46,0
DA:53,5
DA:56,0
DA:57,0
DA:58,0
DA:59,0
DA:60,0
DA:61,0
DA:62,0
DA:63,0
DA:64,0
DA:67,0
DA:68,0
DA:72,0
DA:73,0
DA:74,0
DA:75,0
DA:76,0
DA:77,0
DA:78,0
DA:79,0
DA:80,0
DA:81,0
DA:82,0
DA:83,0
DA:86,0
DA:91,0
DA:92,0
DA:93,0
DA:94,0
DA:95,0
DA:96,0
DA:98,0
DA:99,0
DA:100,0
DA:105,0
DA:110,0
DA:114,0
DA:119,0
DA:120,0
DA:121,0
DA:123,0
DA:127,0
DA:129,0
DA:130,0
DA:134,0
DA:135,0
DA:136,0
DA:140,5
LF:71
LH:4
BRDA:16,0,0,0
BRDA:16,0,1,0
BRDA:16,0,2,0
BRDA:32,1,0,0
BRDA:32,1,1,0
BRDA:47,2,0,0
BRDA:47,2,1,0
BRDA:67,3,0,0
BRDA:67,3,1,0
BRDA:78,4,0,0
BRDA:78,4,1,0
BRDA:81,5,0,0
BRDA:81,5,1,0
BRDA:109,6,0,0
BRDA:121,7,0,0
BRDA:121,7,1,0
BRF:16
BRH:0
end_of_record
TN:
SF:src/services/userTotpSetupMigration.ts
FN:6,ensureUserTotpSetupTable
FNF:1
FNH:0
FNDA:0,ensureUserTotpSetupTable
DA:4,5
DA:7,0
DA:9,0
DA:19,0
DA:23,0
LF:5
LH:1
BRDA:7,0,0,0
BRDA:7,0,1,0
BRF:2
BRH:0
end_of_record
TN:
SF:src/services/whatsapp.ts
FN:20,toWhatsAppLangCode
FN:31,toWhatsAppNumber
FN:45,sendTemplate
FN:90,isWhatsAppProviderConfigured
FN:95,sendWhatsAppOTP
FN:142,sendWhatsAppRideNotification
FN:191,sendWhatsAppVendorNotification
FN:238,sendWhatsAppOrderNotification
FN:286,sendWhatsappMessage
FNF:9
FNH:0
FNDA:0,toWhatsAppLangCode
FNDA:0,toWhatsAppNumber
FNDA:0,sendTemplate
FNDA:0,isWhatsAppProviderConfigured
FNDA:0,sendWhatsAppOTP
FNDA:0,sendWhatsAppRideNotification
FNDA:0,sendWhatsAppVendorNotification
FNDA:0,sendWhatsAppOrderNotification
FNDA:0,sendWhatsappMessage
DA:13,5
DA:21,0
DA:23,0
DA:27,0
DA:32,0
DA:33,0
DA:34,0
DA:35,0
DA:53,0
DA:54,0
DA:71,0
DA:76,0
DA:77,0
DA:80,0
DA:82,0
DA:91,0
DA:92,0
DA:101,0
DA:102,0
DA:105,0
DA:106,0
DA:109,0
DA:110,0
DA:111,0
DA:113,0
DA:114,0
DA:121,0
DA:122,0
DA:124,0
DA:133,0
DA:134,0
DA:136,0
DA:139,0
DA:150,0
DA:151,0
DA:154,0
DA:155,0
DA:156,0
DA:162,0
DA:163,0
DA:164,0
DA:166,0
DA:167,0
DA:170,0
DA:171,0
DA:173,0
DA:198,0
DA:199,0
DA:202,0
DA:203,0
DA:209,0
DA:210,0
DA:211,0
DA:213,0
DA:214,0
DA:217,0
DA:218,0
DA:220,0
DA:245,0
DA:246,0
DA:249,0
DA:250,0
DA:256,0
DA:257,0
DA:258,0
DA:260,0
DA:261,0
DA:264,0
DA:265,0
DA:267,0
DA:291,0
DA:292,0
LF:72
LH:1
BRDA:21,0,0,0
BRDA:21,0,1,0
BRDA:21,0,2,0
BRDA:21,0,3,0
BRDA:33,1,0,0
BRDA:33,1,1,0
BRDA:34,2,0,0
BRDA:34,2,1,0
BRDA:76,3,0,0
BRDA:76,3,1,0
BRDA:77,4,0,0
BRDA:77,4,1,0
BRDA:91,5,0,0
BRDA:91,5,1,0
BRDA:92,6,0,0
BRDA:92,6,1,0
BRDA:101,7,0,0
BRDA:101,7,1,0
BRDA:105,8,0,0
BRDA:105,8,1,0
BRDA:105,9,0,0
BRDA:105,9,1,0
BRDA:111,10,0,0
BRDA:111,10,1,0
BRDA:113,11,0,0
BRDA:113,11,1,0
BRDA:113,12,0,0
BRDA:113,12,1,0
BRDA:133,13,0,0
BRDA:133,13,1,0
BRDA:147,14,0,0
BRDA:150,15,0,0
BRDA:150,15,1,0
BRDA:154,16,0,0
BRDA:154,16,1,0
BRDA:155,17,0,0
BRDA:155,17,1,0
BRDA:155,18,0,0
BRDA:155,18,1,0
BRDA:164,19,0,0
BRDA:164,19,1,0
BRDA:166,20,0,0
BRDA:166,20,1,0
BRDA:166,21,0,0
BRDA:166,21,1,0
BRDA:198,22,0,0
BRDA:198,22,1,0
BRDA:202,23,0,0
BRDA:202,23,1,0
BRDA:202,24,0,0
BRDA:202,24,1,0
BRDA:211,25,0,0
BRDA:211,25,1,0
BRDA:213,26,0,0
BRDA:213,26,1,0
BRDA:213,27,0,0
BRDA:213,27,1,0
BRDA:245,28,0,0
BRDA:245,28,1,0
BRDA:249,29,0,0
BRDA:249,29,1,0
BRDA:249,30,0,0
BRDA:249,30,1,0
BRDA:258,31,0,0
BRDA:258,31,1,0
BRDA:260,32,0,0
BRDA:260,32,1,0
BRDA:260,33,0,0
BRDA:260,33,1,0
BRF:69
BRH:0
end_of_record
TN:
SF:src/services/auth/tokenRotation.ts
FN:42,rotateRefreshToken
FN:91,invalidateTokenFamily
FN:121,(anonymous_2)
FN:140,detectAndInvalidateFamily
FN:210,buildBreachNotificationEmail
FN:239,sendBreachNotification
FNF:6
FNH:0
FNDA:0,rotateRefreshToken
FNDA:0,invalidateTokenFamily
FNDA:0,(anonymous_2)
FNDA:0,detectAndInvalidateFamily
FNDA:0,buildBreachNotificationEmail
FNDA:0,sendBreachNotification
DA:47,0
DA:49,0
DA:54,0
DA:62,0
DA:63,0
DA:65,0
DA:67,0
DA:77,0
DA:79,0
DA:97,0
DA:99,0
DA:109,0
DA:117,0
DA:122,0
DA:123,0
DA:125,0
DA:126,0
DA:143,0
DA:149,0
DA:150,0
DA:153,0
DA:154,0
DA:156,0
DA:161,0
DA:162,0
DA:167,0
DA:175,0
DA:183,0
DA:188,0
DA:195,0
DA:198,0
DA:203,0
DA:216,0
DA:217,0
DA:218,0
DA:240,0
DA:241,0
DA:247,0
DA:249,0
DA:250,0
DA:251,0
DA:253,0
DA:254,0
DA:255,0
DA:256,0
DA:267,0
DA:271,0
DA:272,0
DA:273,0
DA:274,0
DA:279,0
DA:283,0
LF:52
LH:0
BRDA:56,0,0,0
BRDA:56,0,1,0
BRDA:57,1,0,0
BRDA:57,1,1,0
BRDA:58,2,0,0
BRDA:58,2,1,0
BRDA:59,3,0,0
BRDA:59,3,1,0
BRDA:65,4,0,0
BRDA:65,4,1,0
BRDA:71,5,0,0
BRDA:71,5,1,0
BRDA:97,6,0,0
BRDA:97,6,1,0
BRDA:149,7,0,0
BRDA:149,7,1,0
BRDA:153,8,0,0
BRDA:153,8,1,0
BRDA:161,9,0,0
BRDA:161,9,1,0
BRDA:179,10,0,0
BRDA:179,10,1,0
BRDA:189,11,0,0
BRDA:189,11,1,0
BRDA:195,12,0,0
BRDA:195,12,1,0
BRDA:217,13,0,0
BRDA:217,13,1,0
BRDA:247,14,0,0
BRDA:247,14,1,0
BRDA:250,15,0,0
BRDA:250,15,1,0
BRDA:253,16,0,0
BRDA:253,16,1,0
BRDA:271,17,0,0
BRDA:271,17,1,0
BRF:36
BRH:0
end_of_record
TN:
SF:src/utils/admin-csrf.ts
FN:5,resolveCsrfSecret
FN:38,generateCsrfRandomToken
FN:46,createCsrfCookie
FN:61,verifyCsrfToken
FNF:4
FNH:3
FNDA:5,resolveCsrfSecret
FNDA:0,generateCsrfRandomToken
FNDA:1,createCsrfCookie
FNDA:2,verifyCsrfToken
DA:6,5
DA:7,5
DA:8,0
DA:11,0
DA:12,0
DA:13,0
DA:15,0
DA:19,0
DA:21,5
DA:24,5
DA:25,5
DA:39,0
DA:47,1
DA:51,1
DA:62,2
DA:63,2
DA:67,2
DA:69,0
LF:18
LH:10
BRDA:7,0,0,0
BRDA:7,0,1,5
BRDA:7,1,0,5
BRDA:7,1,1,5
BRDA:8,2,0,0
BRDA:8,2,1,0
BRDA:11,3,0,0
BRDA:11,3,1,0
BRDA:19,4,0,0
BRDA:19,4,1,0
BRDA:25,5,0,5
BRDA:25,5,1,5
BRF:12
BRH:5
end_of_record
TN:
SF:src/utils/admin-hash.ts
FN:7,hashToken
FN:14,verifyTokenHash
FN:23,generateSecureRandom
FNF:3
FNH:0
FNDA:0,hashToken
FNDA:0,verifyTokenHash
FNDA:0,generateSecureRandom
DA:8,0
DA:15,0
DA:17,0
DA:24,0
LF:4
LH:0
BRDA:23,0,0,0
BRF:1
BRH:0
end_of_record
TN:
SF:src/utils/admin-jwt.ts
FN:4,resolveSecret
FN:65,signAccessToken
FN:90,signRefreshToken
FN:101,verifyAccessToken
FN:116,verifyRefreshToken
FN:132,sign2faChallengeToken
FN:143,verify2faChallengeToken
FNF:7
FNH:3
FNDA:10,resolveSecret
FNDA:2,signAccessToken
FNDA:0,signRefreshToken
FNDA:8,verifyAccessToken
FNDA:0,verifyRefreshToken
FNDA:0,sign2faChallengeToken
FNDA:0,verify2faChallengeToken
DA:5,10
DA:6,10
DA:7,0
DA:10,0
DA:11,0
DA:12,0
DA:14,0
DA:18,0
DA:20,10
DA:23,5
DA:24,5
DA:28,5
DA:78,2
DA:79,2
DA:91,0
DA:102,8
DA:103,8
DA:107,8
DA:109,2
DA:117,0
DA:118,0
DA:122,0
DA:124,0
DA:133,0
DA:144,0
DA:145,0
DA:149,0
DA:150,0
DA:151,0
DA:153,0
DA:155,0
LF:31
LH:12
BRDA:6,0,0,0
BRDA:6,0,1,10
BRDA:6,1,0,10
BRDA:6,1,1,10
BRDA:7,2,0,0
BRDA:7,2,1,0
BRDA:10,3,0,0
BRDA:10,3,1,0
BRDA:18,4,0,0
BRDA:18,4,1,0
BRDA:28,5,0,5
BRDA:28,5,1,5
BRDA:69,6,0,2
BRDA:70,7,0,2
BRDA:76,8,0,2
BRDA:150,9,0,0
BRDA:150,9,1,0
BRF:17
BRH:8
end_of_record
TN:
SF:src/utils/osrmRateLimit.ts
FN:15,handleOsrmRateLimit
FNF:1
FNH:1
FNDA:3,handleOsrmRateLimit
DA:20,3
DA:22,2
DA:23,3
DA:24,3
DA:25,3
LF:5
LH:5
BRDA:20,0,0,1
BRDA:20,0,1,2
BRDA:22,1,0,2
BRDA:22,1,1,1
BRF:4
BRH:4
end_of_record
